sample.interval=20000
"eigen" "mvrnorm" "ifelse" "stg1fit" 
"eigen" "mvrnorm" "ifelse" "stg1fit" 
"eigen" "mvrnorm" "ifelse" "stg1fit" 
"eigen" "mvrnorm" "ifelse" "stg1fit" 
"eigen" "mvrnorm" "ifelse" "stg1fit" 
"eigen" "mvrnorm" "ifelse" "stg1fit" 
"eigen" "mvrnorm" "ifelse" "stg1fit" 
"eigen" "mvrnorm" "ifelse" "stg1fit" 
"eigen" "mvrnorm" "ifelse" "stg1fit" 
"%*%" "mvrnorm" "ifelse" "stg1fit" 
"%*%" "mvrnorm" "ifelse" "stg1fit" 
"%*%" "mvrnorm" "ifelse" "stg1fit" 
"%*%" "mvrnorm" "ifelse" "stg1fit" 
"%*%" "mvrnorm" "ifelse" "stg1fit" 
"stg1fit" 
".Call" "abart" "stg1fit" 
".Call" "abart" "stg1fit" 
".Call" "abart" "stg1fit" 
".Call" "abart" "stg1fit" 
".Call" "abart" "stg1fit" 
".Call" "abart" "stg1fit" 
".Call" "abart" "stg1fit" 
".Call" "abart" "stg1fit" 
".Call" "abart" "stg1fit" 
".Call" "abart" "stg1fit" 
".Call" "abart" "stg1fit" 
".Call" "abart" "stg1fit" 
".Call" "abart" "stg1fit" 
".Call" "abart" "stg1fit" 
".Call" "abart" "stg1fit" 
".Call" "abart" "stg1fit" 
".Call" "abart" "stg1fit" 
".Call" "abart" "stg1fit" 
".Call" "abart" "stg1fit" 
".Call" "abart" "stg1fit" 
".Call" "abart" "stg1fit" 
".Call" "abart" "stg1fit" 
".Call" "abart" "stg1fit" 
".Call" "abart" "stg1fit" 
".Call" "abart" "stg1fit" 
".Call" "abart" "stg1fit" 
".Call" "abart" "stg1fit" 
".Call" "abart" "stg1fit" 
".Call" "abart" "stg1fit" 
".Call" "abart" "stg1fit" 
".Call" "abart" "stg1fit" 
".Call" "abart" "stg1fit" 
".Call" "abart" "stg1fit" 
".Call" "abart" "stg1fit" 
".Call" "abart" "stg1fit" 
".Call" "abart" "stg1fit" 
".Call" "abart" "stg1fit" 
".Call" "abart" "stg1fit" 
".Call" "abart" "stg1fit" 
".Call" "abart" "stg1fit" 
".Call" "abart" "stg1fit" 
".Call" "abart" "stg1fit" 
".Call" "abart" "stg1fit" 
".Call" "abart" "stg1fit" 
".Call" "abart" "stg1fit" 
".Call" "abart" "stg1fit" 
".Call" "abart" "stg1fit" 
".Call" "abart" "stg1fit" 
".Call" "abart" "stg1fit" 
".Call" "abart" "stg1fit" 
".Call" "abart" "stg1fit" 
".Call" "abart" "stg1fit" 
".Call" "abart" "stg1fit" 
".Call" "abart" "stg1fit" 
".Call" "abart" "stg1fit" 
".Call" "abart" "stg1fit" 
".Call" "abart" "stg1fit" 
".Call" "abart" "stg1fit" 
".Call" "abart" "stg1fit" 
".Call" "abart" "stg1fit" 
".Call" "abart" "stg1fit" 
".Call" "abart" "stg1fit" 
".Call" "abart" "stg1fit" 
".Call" "abart" "stg1fit" 
".Call" "abart" "stg1fit" 
".Call" "abart" "stg1fit" 
".Call" "abart" "stg1fit" 
".Call" "abart" "stg1fit" 
".Call" "abart" "stg1fit" 
".Call" "abart" "stg1fit" 
".Call" "abart" "stg1fit" 
".Call" "abart" "stg1fit" 
".Call" "abart" "stg1fit" 
".Call" "abart" "stg1fit" 
".Call" "abart" "stg1fit" 
".Call" "abart" "stg1fit" 
".Call" "abart" "stg1fit" 
".Call" "abart" "stg1fit" 
".Call" "abart" "stg1fit" 
".Call" "abart" "stg1fit" 
".Call" "abart" "stg1fit" 
".Call" "abart" "stg1fit" 
".Call" "abart" "stg1fit" 
".Call" "abart" "stg1fit" 
".Call" "abart" "stg1fit" 
".Call" "abart" "stg1fit" 
".Call" "abart" "stg1fit" 
".Call" "abart" "stg1fit" 
".Call" "abart" "stg1fit" 
".Call" "abart" "stg1fit" 
".Call" "abart" "stg1fit" 
".Call" "abart" "stg1fit" 
".Call" "abart" "stg1fit" 
".Call" "abart" "stg1fit" 
".Call" "abart" "stg1fit" 
".Call" "abart" "stg1fit" 
".Call" "abart" "stg1fit" 
".Call" "abart" "stg1fit" 
".Call" "abart" "stg1fit" 
".Call" "abart" "stg1fit" 
".Call" "abart" "stg1fit" 
".Call" "abart" "stg1fit" 
".Call" "abart" "stg1fit" 
".Call" "abart" "stg1fit" 
".Call" "abart" "stg1fit" 
".Call" "abart" "stg1fit" 
".Call" "abart" "stg1fit" 
".Call" "abart" "stg1fit" 
".Call" "abart" "stg1fit" 
".Call" "abart" "stg1fit" 
".Call" "abart" "stg1fit" 
".Call" "abart" "stg1fit" 
".Call" "abart" "stg1fit" 
".Call" "abart" "stg1fit" 
".Call" "abart" "stg1fit" 
".Call" "abart" "stg1fit" 
".Call" "abart" "stg1fit" 
".Call" "abart" "stg1fit" 
".Call" "abart" "stg1fit" 
".Call" "abart" "stg1fit" 
".Call" "abart" "stg1fit" 
".Call" "abart" "stg1fit" 
".Call" "abart" "stg1fit" 
".Call" "abart" "stg1fit" 
".Call" "abart" "stg1fit" 
".Call" "abart" "stg1fit" 
".Call" "abart" "stg1fit" 
".Call" "abart" "stg1fit" 
".Call" "abart" "stg1fit" 
".Call" "abart" "stg1fit" 
".Call" "abart" "stg1fit" 
".Call" "abart" "stg1fit" 
".Call" "abart" "stg1fit" 
".Call" "abart" "stg1fit" 
".Call" "abart" "stg1fit" 
".Call" "abart" "stg1fit" 
".Call" "abart" "stg1fit" 
".Call" "abart" "stg1fit" 
".Call" "abart" "stg1fit" 
".Call" "abart" "stg1fit" 
".Call" "abart" "stg1fit" 
".Call" "abart" "stg1fit" 
".Call" "abart" "stg1fit" 
".Call" "abart" "stg1fit" 
".Call" "abart" "stg1fit" 
".Call" "abart" "stg1fit" 
".Call" "abart" "stg1fit" 
".Call" "abart" "stg1fit" 
".Call" "abart" "stg1fit" 
".Call" "abart" "stg1fit" 
".Call" "abart" "stg1fit" 
".Call" "abart" "stg1fit" 
"pnorm" "abart" "stg1fit" 
"pnorm" "abart" "stg1fit" 
"pnorm" "abart" "stg1fit" 
"abart" "stg1fit" 
"abart" "stg1fit" 
"abart" "stg1fit" 
"pnorm" "abart" "stg1fit" 
"pnorm" "abart" "stg1fit" 
"abart" "stg1fit" 
"abart" "stg1fit" 
"abart" "stg1fit" 
"pnorm" "abart" "stg1fit" 
"pnorm" "abart" "stg1fit" 
"abart" "stg1fit" 
"abart" "stg1fit" 
"pnorm" "abart" "stg1fit" 
"abart" "stg1fit" 
"pnorm" "abart" "stg1fit" 
"abart" "stg1fit" 
"pnorm" "abart" "stg1fit" 
"abart" "stg1fit" 
"abart" "stg1fit" 
"pnorm" "abart" "stg1fit" 
"pnorm" "abart" "stg1fit" 
"pnorm" "abart" "stg1fit" 
"pnorm" "abart" "stg1fit" 
"pnorm" "abart" "stg1fit" 
"pnorm" "abart" "stg1fit" 
"pnorm" "abart" "stg1fit" 
"pnorm" "abart" "stg1fit" 
"abart" "stg1fit" 
"pnorm" "abart" "stg1fit" 
"pnorm" "abart" "stg1fit" 
"abart" "stg1fit" 
"abart" "stg1fit" 
"abart" "stg1fit" 
"pnorm" "abart" "stg1fit" 
"pnorm" "abart" "stg1fit" 
"pnorm" "abart" "stg1fit" 
"pnorm" "abart" "stg1fit" 
"abart" "stg1fit" 
"apply" "abart" "stg1fit" 
"FUN" "apply" "abart" "stg1fit" 
"FUN" "apply" "abart" "stg1fit" 
"FUN" "apply" "abart" "stg1fit" 
"apply" "abart" "stg1fit" 
"apply" "abart" "stg1fit" 
"FUN" "apply" "abart" "stg1fit" 
"FUN" "apply" "abart" "stg1fit" 
"apply" "abart" "stg1fit" 
"apply" "abart" "stg1fit" 
"FUN" "apply" "abart" "stg1fit" 
"mean.default" "FUN" "apply" "abart" "stg1fit" 
"mean.default" "FUN" "apply" "abart" "stg1fit" 
"apply" "abart" "stg1fit" 
"FUN" "apply" "abart" "stg1fit" 
"apply" "abart" "stg1fit" 
"apply" "abart" "stg1fit" 
"apply" "abart" "stg1fit" 
"FUN" "apply" "abart" "stg1fit" 
"FUN" "apply" "abart" "stg1fit" 
"apply" "abart" "stg1fit" 
"apply" "abart" "stg1fit" 
"apply" "abart" "stg1fit" 
"apply" "abart" "stg1fit" 
"FUN" "apply" "abart" "stg1fit" 
"FUN" "apply" "abart" "stg1fit" 
"apply" "abart" "stg1fit" 
"apply" "abart" "stg1fit" 
"mean.default" "FUN" "apply" "abart" "stg1fit" 
"apply" "abart" "stg1fit" 
"abart" "stg1fit" 
"pnorm" "abart" "stg1fit" 
"pnorm" "abart" "stg1fit" 
"pnorm" "abart" "stg1fit" 
"abart" "stg1fit" 
"pnorm" "abart" "stg1fit" 
"pnorm" "abart" "stg1fit" 
"pnorm" "abart" "stg1fit" 
"pnorm" "abart" "stg1fit" 
"pnorm" "abart" "stg1fit" 
"pnorm" "abart" "stg1fit" 
"abart" "stg1fit" 
"abart" "stg1fit" 
"pnorm" "abart" "stg1fit" 
"abart" "stg1fit" 
"pnorm" "abart" "stg1fit" 
"pnorm" "abart" "stg1fit" 
"pnorm" "abart" "stg1fit" 
"pnorm" "abart" "stg1fit" 
"abart" "stg1fit" 
"pnorm" "abart" "stg1fit" 
"pnorm" "abart" "stg1fit" 
"pnorm" "abart" "stg1fit" 
"abart" "stg1fit" 
"abart" "stg1fit" 
"abart" "stg1fit" 
"abart" "stg1fit" 
"pnorm" "abart" "stg1fit" 
"pnorm" "abart" "stg1fit" 
"pnorm" "abart" "stg1fit" 
"pnorm" "abart" "stg1fit" 
"pnorm" "abart" "stg1fit" 
"abart" "stg1fit" 
"abart" "stg1fit" 
"pnorm" "abart" "stg1fit" 
"abart" "stg1fit" 
"pnorm" "abart" "stg1fit" 
"abart" "stg1fit" 
"abart" "stg1fit" 
"abart" "stg1fit" 
"abart" "stg1fit" 
"abart" "stg1fit" 
"abart" "stg1fit" 
"abart" "stg1fit" 
"pnorm" "abart" "stg1fit" 
"abart" "stg1fit" 
"pnorm" "abart" "stg1fit" 
"pnorm" "abart" "stg1fit" 
"pnorm" "abart" "stg1fit" 
"abart" "stg1fit" 
"pnorm" "abart" "stg1fit" 
"pnorm" "abart" "stg1fit" 
"pnorm" "abart" "stg1fit" 
"abart" "stg1fit" 
"pnorm" "abart" "stg1fit" 
"pnorm" "abart" "stg1fit" 
"pnorm" "abart" "stg1fit" 
"pnorm" "abart" "stg1fit" 
"abart" "stg1fit" 
"pnorm" "abart" "stg1fit" 
"pnorm" "abart" "stg1fit" 
"pnorm" "abart" "stg1fit" 
"abart" "stg1fit" 
"abart" "stg1fit" 
"pnorm" "abart" "stg1fit" 
"abart" "stg1fit" 
"pnorm" "abart" "stg1fit" 
"abart" "stg1fit" 
"abart" "stg1fit" 
"pnorm" "abart" "stg1fit" 
"pnorm" "abart" "stg1fit" 
"abart" "stg1fit" 
"pnorm" "abart" "stg1fit" 
"abart" "stg1fit" 
"pnorm" "abart" "stg1fit" 
"pnorm" "abart" "stg1fit" 
"pnorm" "abart" "stg1fit" 
"pnorm" "abart" "stg1fit" 
"pnorm" "abart" "stg1fit" 
"pnorm" "abart" "stg1fit" 
"pnorm" "abart" "stg1fit" 
"pnorm" "abart" "stg1fit" 
"abart" "stg1fit" 
"pnorm" "abart" "stg1fit" 
"abart" "stg1fit" 
"pnorm" "abart" "stg1fit" 
"pnorm" "abart" "stg1fit" 
"pnorm" "abart" "stg1fit" 
"pnorm" "abart" "stg1fit" 
"pnorm" "abart" "stg1fit" 
"pnorm" "abart" "stg1fit" 
"pnorm" "abart" "stg1fit" 
"abart" "stg1fit" 
"pnorm" "abart" "stg1fit" 
"pnorm" "abart" "stg1fit" 
"pnorm" "abart" "stg1fit" 
"abart" "stg1fit" 
"pnorm" "abart" "stg1fit" 
"pnorm" "abart" "stg1fit" 
"abart" "stg1fit" 
"pnorm" "abart" "stg1fit" 
"pnorm" "abart" "stg1fit" 
"pnorm" "abart" "stg1fit" 
"pnorm" "abart" "stg1fit" 
"abart" "stg1fit" 
"abart" "stg1fit" 
"abart" "stg1fit" 
"abart" "stg1fit" 
"pnorm" "abart" "stg1fit" 
"pnorm" "abart" "stg1fit" 
"pnorm" "abart" "stg1fit" 
"pnorm" "abart" "stg1fit" 
"pnorm" "abart" "stg1fit" 
"abart" "stg1fit" 
"abart" "stg1fit" 
"pnorm" "abart" "stg1fit" 
"abart" "stg1fit" 
"abart" "stg1fit" 
"pnorm" "abart" "stg1fit" 
"pnorm" "abart" "stg1fit" 
"abart" "stg1fit" 
"abart" "stg1fit" 
"abart" "stg1fit" 
"abart" "stg1fit" 
"abart" "stg1fit" 
"pnorm" "abart" "stg1fit" 
"pnorm" "abart" "stg1fit" 
"pnorm" "abart" "stg1fit" 
"FUN" "apply" "abart" "stg1fit" 
"apply" "abart" "stg1fit" 
"apply" "abart" "stg1fit" 
"apply" "abart" "stg1fit" 
"FUN" "apply" "abart" "stg1fit" 
"FUN" "apply" "abart" "stg1fit" 
"FUN" "apply" "abart" "stg1fit" 
"FUN" "apply" "abart" "stg1fit" 
"apply" "abart" "stg1fit" 
"mean.default" "FUN" "apply" "abart" "stg1fit" 
"apply" "abart" "stg1fit" 
"mean.default" "FUN" "apply" "abart" "stg1fit" 
"apply" "abart" "stg1fit" 
"FUN" "apply" "abart" "stg1fit" 
"apply" "abart" "stg1fit" 
"FUN" "apply" "abart" "stg1fit" 
"mean.default" "FUN" "apply" "abart" "stg1fit" 
"apply" "abart" "stg1fit" 
"FUN" "apply" "abart" "stg1fit" 
"FUN" "apply" "abart" "stg1fit" 
"FUN" "apply" "abart" "stg1fit" 
"apply" "abart" "stg1fit" 
"apply" "abart" "stg1fit" 
"mean.default" "FUN" "apply" "abart" "stg1fit" 
"FUN" "apply" "abart" "stg1fit" 
"FUN" "apply" "abart" "stg1fit" 
"mean.default" "FUN" "apply" "abart" "stg1fit" 
"mean.default" "FUN" "apply" "abart" "stg1fit" 
"FUN" "apply" "abart" "stg1fit" 
"apply" "abart" "stg1fit" 
"FUN" "apply" "abart" "stg1fit" 
"apply" "abart" "stg1fit" 
"is.numeric" "mean.default" "FUN" "apply" "abart" "stg1fit" 
"mean.default" "FUN" "apply" "abart" "stg1fit" 
"FUN" "apply" "abart" "stg1fit" 
"apply" "abart" "stg1fit" 
"FUN" "apply" "abart" "stg1fit" 
"FUN" "apply" "abart" "stg1fit" 
"FUN" "apply" "abart" "stg1fit" 
"FUN" "apply" "abart" "stg1fit" 
"mean.default" "FUN" "apply" "abart" "stg1fit" 
"FUN" "apply" "abart" "stg1fit" 
"FUN" "apply" "abart" "stg1fit" 
"mean.default" "FUN" "apply" "abart" "stg1fit" 
"apply" "abart" "stg1fit" 
"apply" "abart" "stg1fit" 
"apply" "abart" "stg1fit" 
"FUN" "apply" "abart" "stg1fit" 
"FUN" "apply" "abart" "stg1fit" 
"apply" "abart" "stg1fit" 
"apply" "abart" "stg1fit" 
"FUN" "apply" "abart" "stg1fit" 
"mean.default" "FUN" "apply" "abart" "stg1fit" 
"FUN" "apply" "abart" "stg1fit" 
"FUN" "apply" "abart" "stg1fit" 
"apply" "abart" "stg1fit" 
"mean.default" "FUN" "apply" "abart" "stg1fit" 
"FUN" "apply" "abart" "stg1fit" 
"FUN" "apply" "abart" "stg1fit" 
"FUN" "apply" "abart" "stg1fit" 
"FUN" "apply" "abart" "stg1fit" 
"FUN" "apply" "abart" "stg1fit" 
"apply" "abart" "stg1fit" 
"apply" "abart" "stg1fit" 
"FUN" "apply" "abart" "stg1fit" 
"mean.default" "FUN" "apply" "abart" "stg1fit" 
"FUN" "apply" "abart" "stg1fit" 
"mean.default" "FUN" "apply" "abart" "stg1fit" 
"apply" "abart" "stg1fit" 
"FUN" "apply" "abart" "stg1fit" 
"mean.default" "FUN" "apply" "abart" "stg1fit" 
"apply" "abart" "stg1fit" 
"FUN" "apply" "abart" "stg1fit" 
"FUN" "apply" "abart" "stg1fit" 
"FUN" "apply" "abart" "stg1fit" 
"FUN" "apply" "abart" "stg1fit" 
"mean.default" "FUN" "apply" "abart" "stg1fit" 
"mean.default" "FUN" "apply" "abart" "stg1fit" 
"FUN" "apply" "abart" "stg1fit" 
"apply" "abart" "stg1fit" 
"FUN" "apply" "abart" "stg1fit" 
"apply" "abart" "stg1fit" 
"FUN" "apply" "abart" "stg1fit" 
"is.numeric" "mean.default" "FUN" "apply" "abart" "stg1fit" 
"mean.default" "FUN" "apply" "abart" "stg1fit" 
"FUN" "apply" "abart" "stg1fit" 
"FUN" "apply" "abart" "stg1fit" 
"mean.default" "FUN" "apply" "abart" "stg1fit" 
"mean.default" "FUN" "apply" "abart" "stg1fit" 
"is.numeric" "mean.default" "FUN" "apply" "abart" "stg1fit" 
"mean.default" "FUN" "apply" "abart" "stg1fit" 
"FUN" "apply" "abart" "stg1fit" 
"FUN" "apply" "abart" "stg1fit" 
"lengths" "apply" "abart" "stg1fit" 
"unlist" "apply" "abart" "stg1fit" 
"match.arg" "max.col" "FUN" "lapply" "sapply" "stg1fit" 
"max.col" "FUN" "lapply" "sapply" "stg1fit" 
"c" "eval" "eval" "match.arg" "max.col" "FUN" "lapply" "sapply" "stg1fit" 
"apply" "FUN" "lapply" "sapply" "stg1fit" 
"apply" "FUN" "lapply" "sapply" "stg1fit" 
"apply" "FUN" "lapply" "sapply" "stg1fit" 
"exists" "findCenvVar" "getInlineInfo" "isBaseVar" "constantFoldSym" "constantFold" "cmpBuiltinArgs" "cmpDispatch" "h" "tryInline" "cmpCall" "cmp" "genCode" "cb$putconst" "cmpCallArgs" "cmpCallSymFun" "cmpCall" "cmp" "h" "tryInline" "cmpCall" "cmp" "genCode" "cmpfun" "doTryCatch" "tryCatchOne" "tryCatchList" "tryCatch" "compiler:::tryCmpfun" "FUN" "lapply" "sapply" 
"is.matrix" "as.matrix.default" "as.matrix" "max.col" "FUN" "lapply" "sapply" 
"match.arg" "max.col" "FUN" "lapply" "sapply" 
"eval" "match.arg" "max.col" "FUN" "lapply" "sapply" 
"base::parse" "base::eval" "doTryCatch" "tryCatchOne" "tryCatchList" "tryCatch" ".ess_eval" ".ess_funargs" 
"asNamespace" "get" ":::" ".defenv_for_S3_registry" ".S3methods" "methods" "doTryCatch" "tryCatchOne" "tryCatchList" "doTryCatch" "tryCatchOne" "tryCatchList" "tryCatch" "utils:::functionArgs" "gsub" "doTryCatch" "tryCatchOne" "tryCatchList" "tryCatch" ".ess_funargs" 
".encode_numeric_version" "split" "Ops.numeric_version" ".ess_funargs" 
"FUN" "lapply" ".S3methods" "methods" "doTryCatch" "tryCatchOne" "tryCatchList" "doTryCatch" "tryCatchOne" "tryCatchList" "tryCatch" "utils:::functionArgs" "gsub" "doTryCatch" "tryCatchOne" "tryCatchList" "tryCatch" ".ess_funargs" 
"ls" "%in%" "find" "getAnywhere" "<Anonymous>" "do.call" "FUN" "lapply" "unlist" "unique" "utils:::functionArgs" "gsub" "doTryCatch" "tryCatchOne" "tryCatchList" "tryCatch" ".ess_funargs" 
"gsub" "doTryCatch" "tryCatchOne" "tryCatchList" "tryCatch" ".ess_funargs" 
"lapply" "sapply" "FUN" "apply" 
"FUN" "lapply" ".S3methods" "methods" "doTryCatch" "tryCatchOne" "tryCatchList" "doTryCatch" "tryCatchOne" "tryCatchList" "tryCatch" "utils:::functionArgs" "gsub" "doTryCatch" "tryCatchOne" "tryCatchList" "tryCatch" ".ess_funargs" 
"ls" "%in%" "find" "getAnywhere" "<Anonymous>" "do.call" "FUN" "lapply" "unlist" "unique" "utils:::functionArgs" "gsub" "doTryCatch" "tryCatchOne" "tryCatchList" "tryCatch" ".ess_funargs" 
"ls" "%in%" "find" "getAnywhere" "<Anonymous>" "do.call" "FUN" "lapply" "unlist" "unique" "utils:::functionArgs" "gsub" "doTryCatch" "tryCatchOne" "tryCatchList" "tryCatch" ".ess_funargs" 
".deparseOpts" "deparse" "mode" "%in%" "deparse" "paste" "deparse1" "as.data.frame.character" "as.data.frame" "data.frame" ".S3methods" "methods" "doTryCatch" "tryCatchOne" "tryCatchList" "doTryCatch" "tryCatchOne" "tryCatchList" "tryCatch" "utils:::functionArgs" "gsub" "doTryCatch" "tryCatchOne" "tryCatchList" "tryCatch" ".ess_funargs" 
"ls" "%in%" "find" "getAnywhere" "<Anonymous>" "do.call" "FUN" "lapply" "unlist" "unique" "utils:::functionArgs" "gsub" "doTryCatch" "tryCatchOne" "tryCatchList" "tryCatch" ".ess_funargs" 
"structure" "getAnywhere" "<Anonymous>" "do.call" "FUN" "lapply" "unlist" "unique" "utils:::functionArgs" "gsub" "doTryCatch" "tryCatchOne" "tryCatchList" "tryCatch" ".ess_funargs" 
"lazyLoadDBfetch" "FUN" "vapply" ".S3methods" "methods" "doTryCatch" "tryCatchOne" "tryCatchList" "doTryCatch" "tryCatchOne" "tryCatchList" "tryCatch" "utils:::functionArgs" "gsub" "doTryCatch" "tryCatchOne" "tryCatchList" "tryCatch" ".ess_funargs" 
"FUN" "lapply" ".S3methods" "methods" "doTryCatch" "tryCatchOne" "tryCatchList" "doTryCatch" "tryCatchOne" "tryCatchList" "tryCatch" "utils:::functionArgs" "gsub" "doTryCatch" "tryCatchOne" "tryCatchList" "tryCatch" ".ess_funargs" 
"ls" "%in%" "find" "getAnywhere" "<Anonymous>" "do.call" "FUN" "lapply" "unlist" "unique" "utils:::functionArgs" "gsub" "doTryCatch" "tryCatchOne" "tryCatchList" "tryCatch" ".ess_funargs" 
"unlist" "apply" "FUN" "lapply" "sapply" 
"apply" "FUN" "lapply" "sapply" 
"apply" "FUN" "lapply" "sapply" 
"apply" "FUN" "lapply" "sapply" 
"split" "Ops.numeric_version" ".ess_funargs" 
"asNamespace" "getExportedValue" "::" ".get_S3_primitive_generics" "tools:::.get_internal_S3_generics" "getKnownS3generics" ".S3methods" "methods" "doTryCatch" "tryCatchOne" "tryCatchList" "doTryCatch" "tryCatchOne" "tryCatchList" "tryCatch" "utils:::functionArgs" "gsub" "doTryCatch" "tryCatchOne" "tryCatchList" "tryCatch" ".ess_funargs" 
"ls" "%in%" "find" "getAnywhere" "<Anonymous>" "do.call" "FUN" "lapply" "unlist" "unique" "utils:::functionArgs" "gsub" "doTryCatch" "tryCatchOne" "tryCatchList" "tryCatch" ".ess_funargs" 
"ls" "%in%" "find" "getAnywhere" "<Anonymous>" "do.call" "FUN" "lapply" "unlist" "unique" "utils:::functionArgs" "gsub" "doTryCatch" "tryCatchOne" "tryCatchList" "tryCatch" ".ess_funargs" 
"c" "getKnownS3generics" "getS3method" "eval" "eval" "eval.parent" "getAnywhere" "<Anonymous>" "do.call" "FUN" "lapply" "unlist" "unique" "utils:::functionArgs" "gsub" "doTryCatch" "tryCatchOne" "tryCatchList" "tryCatch" ".ess_funargs" 
"lapply" ".make_numeric_version" "numeric_version" "as.numeric_version" "Ops.numeric_version" ".ess_funargs" 
"anyDuplicated.default" "anyDuplicated" "data.frame" ".methods_info" ".S4methodsForGeneric" "methods::.S4methods" "methods" "doTryCatch" "tryCatchOne" "tryCatchList" "doTryCatch" "tryCatchOne" "tryCatchList" "tryCatch" "utils:::functionArgs" "gsub" "doTryCatch" "tryCatchOne" "tryCatchList" "tryCatch" ".ess_funargs" 
"gc" "system.time" 
"gc" "system.time" 
"gc" "system.time" 
"gc" "system.time" 
"gc" "system.time" 
"gc" "system.time" 
"gc" "system.time" 
"gc" "system.time" 
"gc" "system.time" 
"gc" "system.time" 
"eigen" "mvrnorm" "ifelse" "stg1fit" "system.time" 
"eigen" "mvrnorm" "ifelse" "stg1fit" "system.time" 
"eigen" "mvrnorm" "ifelse" "stg1fit" "system.time" 
"eigen" "mvrnorm" "ifelse" "stg1fit" "system.time" 
"eigen" "mvrnorm" "ifelse" "stg1fit" "system.time" 
"eigen" "mvrnorm" "ifelse" "stg1fit" "system.time" 
"eigen" "mvrnorm" "ifelse" "stg1fit" "system.time" 
"eigen" "mvrnorm" "ifelse" "stg1fit" "system.time" 
"%*%" "mvrnorm" "ifelse" "stg1fit" "system.time" 
"%*%" "mvrnorm" "ifelse" "stg1fit" "system.time" 
"%*%" "mvrnorm" "ifelse" "stg1fit" "system.time" 
"%*%" "mvrnorm" "ifelse" "stg1fit" "system.time" 
"%*%" "mvrnorm" "ifelse" "stg1fit" "system.time" 
".Call" "abart" "stg1fit" "system.time" 
".Call" "abart" "stg1fit" "system.time" 
".Call" "abart" "stg1fit" "system.time" 
".Call" "abart" "stg1fit" "system.time" 
".Call" "abart" "stg1fit" "system.time" 
".Call" "abart" "stg1fit" "system.time" 
".Call" "abart" "stg1fit" "system.time" 
".Call" "abart" "stg1fit" "system.time" 
".Call" "abart" "stg1fit" "system.time" 
".Call" "abart" "stg1fit" "system.time" 
".Call" "abart" "stg1fit" "system.time" 
".Call" "abart" "stg1fit" "system.time" 
".Call" "abart" "stg1fit" "system.time" 
".Call" "abart" "stg1fit" "system.time" 
".Call" "abart" "stg1fit" "system.time" 
".Call" "abart" "stg1fit" "system.time" 
".Call" "abart" "stg1fit" "system.time" 
".Call" "abart" "stg1fit" "system.time" 
".Call" "abart" "stg1fit" "system.time" 
".Call" "abart" "stg1fit" "system.time" 
".Call" "abart" "stg1fit" "system.time" 
".Call" "abart" "stg1fit" "system.time" 
".Call" "abart" "stg1fit" "system.time" 
".Call" "abart" "stg1fit" "system.time" 
".Call" "abart" "stg1fit" "system.time" 
".Call" "abart" "stg1fit" "system.time" 
".Call" "abart" "stg1fit" "system.time" 
".Call" "abart" "stg1fit" "system.time" 
".Call" "abart" "stg1fit" "system.time" 
".Call" "abart" "stg1fit" "system.time" 
".Call" "abart" "stg1fit" "system.time" 
".Call" "abart" "stg1fit" "system.time" 
".Call" "abart" "stg1fit" "system.time" 
".Call" "abart" "stg1fit" "system.time" 
".Call" "abart" "stg1fit" "system.time" 
".Call" "abart" "stg1fit" "system.time" 
".Call" "abart" "stg1fit" "system.time" 
".Call" "abart" "stg1fit" "system.time" 
".Call" "abart" "stg1fit" "system.time" 
".Call" "abart" "stg1fit" "system.time" 
".Call" "abart" "stg1fit" "system.time" 
".Call" "abart" "stg1fit" "system.time" 
".Call" "abart" "stg1fit" "system.time" 
".Call" "abart" "stg1fit" "system.time" 
".Call" "abart" "stg1fit" "system.time" 
".Call" "abart" "stg1fit" "system.time" 
".Call" "abart" "stg1fit" "system.time" 
".Call" "abart" "stg1fit" "system.time" 
".Call" "abart" "stg1fit" "system.time" 
".Call" "abart" "stg1fit" "system.time" 
".Call" "abart" "stg1fit" "system.time" 
".Call" "abart" "stg1fit" "system.time" 
".Call" "abart" "stg1fit" "system.time" 
".Call" "abart" "stg1fit" "system.time" 
".Call" "abart" "stg1fit" "system.time" 
".Call" "abart" "stg1fit" "system.time" 
".Call" "abart" "stg1fit" "system.time" 
".Call" "abart" "stg1fit" "system.time" 
".Call" "abart" "stg1fit" "system.time" 
".Call" "abart" "stg1fit" "system.time" 
".Call" "abart" "stg1fit" "system.time" 
".Call" "abart" "stg1fit" "system.time" 
".Call" "abart" "stg1fit" "system.time" 
".Call" "abart" "stg1fit" "system.time" 
".Call" "abart" "stg1fit" "system.time" 
".Call" "abart" "stg1fit" "system.time" 
".Call" "abart" "stg1fit" "system.time" 
".Call" "abart" "stg1fit" "system.time" 
".Call" "abart" "stg1fit" "system.time" 
".Call" "abart" "stg1fit" "system.time" 
".Call" "abart" "stg1fit" "system.time" 
".Call" "abart" "stg1fit" "system.time" 
".Call" "abart" "stg1fit" "system.time" 
".Call" "abart" "stg1fit" "system.time" 
".Call" "abart" "stg1fit" "system.time" 
".Call" "abart" "stg1fit" "system.time" 
".Call" "abart" "stg1fit" "system.time" 
".Call" "abart" "stg1fit" "system.time" 
".Call" "abart" "stg1fit" "system.time" 
".Call" "abart" "stg1fit" "system.time" 
".Call" "abart" "stg1fit" "system.time" 
".Call" "abart" "stg1fit" "system.time" 
".Call" "abart" "stg1fit" "system.time" 
".Call" "abart" "stg1fit" "system.time" 
".Call" "abart" "stg1fit" "system.time" 
".Call" "abart" "stg1fit" "system.time" 
".Call" "abart" "stg1fit" "system.time" 
".Call" "abart" "stg1fit" "system.time" 
".Call" "abart" "stg1fit" "system.time" 
".Call" "abart" "stg1fit" "system.time" 
".Call" "abart" "stg1fit" "system.time" 
".Call" "abart" "stg1fit" "system.time" 
".Call" "abart" "stg1fit" "system.time" 
".Call" "abart" "stg1fit" "system.time" 
".Call" "abart" "stg1fit" "system.time" 
".Call" "abart" "stg1fit" "system.time" 
".Call" "abart" "stg1fit" "system.time" 
".Call" "abart" "stg1fit" "system.time" 
".Call" "abart" "stg1fit" "system.time" 
".Call" "abart" "stg1fit" "system.time" 
".Call" "abart" "stg1fit" "system.time" 
".Call" "abart" "stg1fit" "system.time" 
".Call" "abart" "stg1fit" "system.time" 
".Call" "abart" "stg1fit" "system.time" 
".Call" "abart" "stg1fit" "system.time" 
".Call" "abart" "stg1fit" "system.time" 
".Call" "abart" "stg1fit" "system.time" 
".Call" "abart" "stg1fit" "system.time" 
".Call" "abart" "stg1fit" "system.time" 
".Call" "abart" "stg1fit" "system.time" 
".Call" "abart" "stg1fit" "system.time" 
".Call" "abart" "stg1fit" "system.time" 
".Call" "abart" "stg1fit" "system.time" 
".Call" "abart" "stg1fit" "system.time" 
".Call" "abart" "stg1fit" "system.time" 
".Call" "abart" "stg1fit" "system.time" 
".Call" "abart" "stg1fit" "system.time" 
".Call" "abart" "stg1fit" "system.time" 
".Call" "abart" "stg1fit" "system.time" 
".Call" "abart" "stg1fit" "system.time" 
".Call" "abart" "stg1fit" "system.time" 
".Call" "abart" "stg1fit" "system.time" 
".Call" "abart" "stg1fit" "system.time" 
".Call" "abart" "stg1fit" "system.time" 
".Call" "abart" "stg1fit" "system.time" 
".Call" "abart" "stg1fit" "system.time" 
".Call" "abart" "stg1fit" "system.time" 
".Call" "abart" "stg1fit" "system.time" 
".Call" "abart" "stg1fit" "system.time" 
".Call" "abart" "stg1fit" "system.time" 
".Call" "abart" "stg1fit" "system.time" 
".Call" "abart" "stg1fit" "system.time" 
".Call" "abart" "stg1fit" "system.time" 
".Call" "abart" "stg1fit" "system.time" 
".Call" "abart" "stg1fit" "system.time" 
".Call" "abart" "stg1fit" "system.time" 
".Call" "abart" "stg1fit" "system.time" 
".Call" "abart" "stg1fit" "system.time" 
".Call" "abart" "stg1fit" "system.time" 
".Call" "abart" "stg1fit" "system.time" 
".Call" "abart" "stg1fit" "system.time" 
".Call" "abart" "stg1fit" "system.time" 
".Call" "abart" "stg1fit" "system.time" 
".Call" "abart" "stg1fit" "system.time" 
".Call" "abart" "stg1fit" "system.time" 
".Call" "abart" "stg1fit" "system.time" 
".Call" "abart" "stg1fit" "system.time" 
".Call" "abart" "stg1fit" "system.time" 
".Call" "abart" "stg1fit" "system.time" 
".Call" "abart" "stg1fit" "system.time" 
".Call" "abart" "stg1fit" "system.time" 
".Call" "abart" "stg1fit" "system.time" 
"pnorm" "abart" "stg1fit" "system.time" 
"abart" "stg1fit" "system.time" 
"pnorm" "abart" "stg1fit" "system.time" 
"pnorm" "abart" "stg1fit" "system.time" 
"pnorm" "abart" "stg1fit" "system.time" 
"pnorm" "abart" "stg1fit" "system.time" 
"abart" "stg1fit" "system.time" 
"pnorm" "abart" "stg1fit" "system.time" 
"pnorm" "abart" "stg1fit" "system.time" 
"abart" "stg1fit" "system.time" 
"pnorm" "abart" "stg1fit" "system.time" 
"abart" "stg1fit" "system.time" 
"pnorm" "abart" "stg1fit" "system.time" 
"pnorm" "abart" "stg1fit" "system.time" 
"abart" "stg1fit" "system.time" 
"abart" "stg1fit" "system.time" 
"pnorm" "abart" "stg1fit" "system.time" 
"abart" "stg1fit" "system.time" 
"abart" "stg1fit" "system.time" 
"abart" "stg1fit" "system.time" 
"abart" "stg1fit" "system.time" 
"pnorm" "abart" "stg1fit" "system.time" 
"abart" "stg1fit" "system.time" 
"pnorm" "abart" "stg1fit" "system.time" 
"pnorm" "abart" "stg1fit" "system.time" 
"pnorm" "abart" "stg1fit" "system.time" 
"pnorm" "abart" "stg1fit" "system.time" 
"abart" "stg1fit" "system.time" 
"pnorm" "abart" "stg1fit" "system.time" 
"pnorm" "abart" "stg1fit" "system.time" 
"abart" "stg1fit" "system.time" 
"abart" "stg1fit" "system.time" 
"abart" "stg1fit" "system.time" 
"pnorm" "abart" "stg1fit" "system.time" 
"pnorm" "abart" "stg1fit" "system.time" 
"abart" "stg1fit" "system.time" 
"pnorm" "abart" "stg1fit" "system.time" 
"pnorm" "abart" "stg1fit" "system.time" 
"apply" "abart" "stg1fit" "system.time" 
"apply" "abart" "stg1fit" "system.time" 
"FUN" "apply" "abart" "stg1fit" "system.time" 
"FUN" "apply" "abart" "stg1fit" "system.time" 
"FUN" "apply" "abart" "stg1fit" "system.time" 
"FUN" "apply" "abart" "stg1fit" "system.time" 
"mean.default" "FUN" "apply" "abart" "stg1fit" "system.time" 
"FUN" "apply" "abart" "stg1fit" "system.time" 
"apply" "abart" "stg1fit" "system.time" 
"apply" "abart" "stg1fit" "system.time" 
"mean.default" "FUN" "apply" "abart" "stg1fit" "system.time" 
"mean.default" "FUN" "apply" "abart" "stg1fit" "system.time" 
"apply" "abart" "stg1fit" "system.time" 
"apply" "abart" "stg1fit" "system.time" 
"FUN" "apply" "abart" "stg1fit" "system.time" 
"mean.default" "FUN" "apply" "abart" "stg1fit" "system.time" 
"mean.default" "FUN" "apply" "abart" "stg1fit" "system.time" 
"FUN" "apply" "abart" "stg1fit" "system.time" 
"mean.default" "FUN" "apply" "abart" "stg1fit" "system.time" 
"mean.default" "FUN" "apply" "abart" "stg1fit" "system.time" 
"apply" "abart" "stg1fit" "system.time" 
"length" "mean.default" "FUN" "apply" "abart" "stg1fit" "system.time" 
"FUN" "apply" "abart" "stg1fit" "system.time" 
"mean.default" "FUN" "apply" "abart" "stg1fit" "system.time" 
"FUN" "apply" "abart" "stg1fit" "system.time" 
"apply" "abart" "stg1fit" "system.time" 
"abart" "stg1fit" "system.time" 
"abart" "stg1fit" "system.time" 
"abart" "stg1fit" "system.time" 
"abart" "stg1fit" "system.time" 
"pnorm" "abart" "stg1fit" "system.time" 
"pnorm" "abart" "stg1fit" "system.time" 
"pnorm" "abart" "stg1fit" "system.time" 
"pnorm" "abart" "stg1fit" "system.time" 
"pnorm" "abart" "stg1fit" "system.time" 
"pnorm" "abart" "stg1fit" "system.time" 
"pnorm" "abart" "stg1fit" "system.time" 
"pnorm" "abart" "stg1fit" "system.time" 
"pnorm" "abart" "stg1fit" "system.time" 
"pnorm" "abart" "stg1fit" "system.time" 
"abart" "stg1fit" "system.time" 
"pnorm" "abart" "stg1fit" "system.time" 
"pnorm" "abart" "stg1fit" "system.time" 
"abart" "stg1fit" "system.time" 
"abart" "stg1fit" "system.time" 
"pnorm" "abart" "stg1fit" "system.time" 
"pnorm" "abart" "stg1fit" "system.time" 
"pnorm" "abart" "stg1fit" "system.time" 
"abart" "stg1fit" "system.time" 
"pnorm" "abart" "stg1fit" "system.time" 
"pnorm" "abart" "stg1fit" "system.time" 
"pnorm" "abart" "stg1fit" "system.time" 
"pnorm" "abart" "stg1fit" "system.time" 
"pnorm" "abart" "stg1fit" "system.time" 
"abart" "stg1fit" "system.time" 
"abart" "stg1fit" "system.time" 
"pnorm" "abart" "stg1fit" "system.time" 
"abart" "stg1fit" "system.time" 
"abart" "stg1fit" "system.time" 
"abart" "stg1fit" "system.time" 
"pnorm" "abart" "stg1fit" "system.time" 
"pnorm" "abart" "stg1fit" "system.time" 
"pnorm" "abart" "stg1fit" "system.time" 
"pnorm" "abart" "stg1fit" "system.time" 
"abart" "stg1fit" "system.time" 
"pnorm" "abart" "stg1fit" "system.time" 
"abart" "stg1fit" "system.time" 
"pnorm" "abart" "stg1fit" "system.time" 
"pnorm" "abart" "stg1fit" "system.time" 
"pnorm" "abart" "stg1fit" "system.time" 
"pnorm" "abart" "stg1fit" "system.time" 
"pnorm" "abart" "stg1fit" "system.time" 
"abart" "stg1fit" "system.time" 
"pnorm" "abart" "stg1fit" "system.time" 
"pnorm" "abart" "stg1fit" "system.time" 
"pnorm" "abart" "stg1fit" "system.time" 
"pnorm" "abart" "stg1fit" "system.time" 
"pnorm" "abart" "stg1fit" "system.time" 
"pnorm" "abart" "stg1fit" "system.time" 
"abart" "stg1fit" "system.time" 
"pnorm" "abart" "stg1fit" "system.time" 
"pnorm" "abart" "stg1fit" "system.time" 
"abart" "stg1fit" "system.time" 
"pnorm" "abart" "stg1fit" "system.time" 
"pnorm" "abart" "stg1fit" "system.time" 
"abart" "stg1fit" "system.time" 
"pnorm" "abart" "stg1fit" "system.time" 
"abart" "stg1fit" "system.time" 
"abart" "stg1fit" "system.time" 
"pnorm" "abart" "stg1fit" "system.time" 
"pnorm" "abart" "stg1fit" "system.time" 
"abart" "stg1fit" "system.time" 
"pnorm" "abart" "stg1fit" "system.time" 
"pnorm" "abart" "stg1fit" "system.time" 
"abart" "stg1fit" "system.time" 
"abart" "stg1fit" "system.time" 
"abart" "stg1fit" "system.time" 
"pnorm" "abart" "stg1fit" "system.time" 
"pnorm" "abart" "stg1fit" "system.time" 
"abart" "stg1fit" "system.time" 
"abart" "stg1fit" "system.time" 
"pnorm" "abart" "stg1fit" "system.time" 
"abart" "stg1fit" "system.time" 
"pnorm" "abart" "stg1fit" "system.time" 
"abart" "stg1fit" "system.time" 
"pnorm" "abart" "stg1fit" "system.time" 
"pnorm" "abart" "stg1fit" "system.time" 
"pnorm" "abart" "stg1fit" "system.time" 
"pnorm" "abart" "stg1fit" "system.time" 
"pnorm" "abart" "stg1fit" "system.time" 
"pnorm" "abart" "stg1fit" "system.time" 
"pnorm" "abart" "stg1fit" "system.time" 
"abart" "stg1fit" "system.time" 
"abart" "stg1fit" "system.time" 
"pnorm" "abart" "stg1fit" "system.time" 
"pnorm" "abart" "stg1fit" "system.time" 
"pnorm" "abart" "stg1fit" "system.time" 
"abart" "stg1fit" "system.time" 
"pnorm" "abart" "stg1fit" "system.time" 
"abart" "stg1fit" "system.time" 
"abart" "stg1fit" "system.time" 
"abart" "stg1fit" "system.time" 
"pnorm" "abart" "stg1fit" "system.time" 
"abart" "stg1fit" "system.time" 
"abart" "stg1fit" "system.time" 
"pnorm" "abart" "stg1fit" "system.time" 
"pnorm" "abart" "stg1fit" "system.time" 
"abart" "stg1fit" "system.time" 
"abart" "stg1fit" "system.time" 
"abart" "stg1fit" "system.time" 
"pnorm" "abart" "stg1fit" "system.time" 
"abart" "stg1fit" "system.time" 
"pnorm" "abart" "stg1fit" "system.time" 
"pnorm" "abart" "stg1fit" "system.time" 
"pnorm" "abart" "stg1fit" "system.time" 
"pnorm" "abart" "stg1fit" "system.time" 
"pnorm" "abart" "stg1fit" "system.time" 
"abart" "stg1fit" "system.time" 
"pnorm" "abart" "stg1fit" "system.time" 
"pnorm" "abart" "stg1fit" "system.time" 
"abart" "stg1fit" "system.time" 
"pnorm" "abart" "stg1fit" "system.time" 
"pnorm" "abart" "stg1fit" "system.time" 
"FUN" "apply" "abart" "stg1fit" "system.time" 
"FUN" "apply" "abart" "stg1fit" "system.time" 
"is.numeric" "mean.default" "FUN" "apply" "abart" "stg1fit" "system.time" 
"FUN" "apply" "abart" "stg1fit" "system.time" 
"mean.default" "FUN" "apply" "abart" "stg1fit" "system.time" 
"apply" "abart" "stg1fit" "system.time" 
"FUN" "apply" "abart" "stg1fit" "system.time" 
"FUN" "apply" "abart" "stg1fit" "system.time" 
"mean.default" "FUN" "apply" "abart" "stg1fit" "system.time" 
"mean.default" "FUN" "apply" "abart" "stg1fit" "system.time" 
"apply" "abart" "stg1fit" "system.time" 
"mean.default" "FUN" "apply" "abart" "stg1fit" "system.time" 
"mean.default" "FUN" "apply" "abart" "stg1fit" "system.time" 
"mean.default" "FUN" "apply" "abart" "stg1fit" "system.time" 
"mean.default" "FUN" "apply" "abart" "stg1fit" "system.time" 
"FUN" "apply" "abart" "stg1fit" "system.time" 
"mean.default" "FUN" "apply" "abart" "stg1fit" "system.time" 
"mean.default" "FUN" "apply" "abart" "stg1fit" "system.time" 
"apply" "abart" "stg1fit" "system.time" 
"FUN" "apply" "abart" "stg1fit" "system.time" 
"FUN" "apply" "abart" "stg1fit" "system.time" 
"FUN" "apply" "abart" "stg1fit" "system.time" 
"FUN" "apply" "abart" "stg1fit" "system.time" 
"FUN" "apply" "abart" "stg1fit" "system.time" 
"mean.default" "FUN" "apply" "abart" "stg1fit" "system.time" 
"apply" "abart" "stg1fit" "system.time" 
"apply" "abart" "stg1fit" "system.time" 
"FUN" "apply" "abart" "stg1fit" "system.time" 
"apply" "abart" "stg1fit" "system.time" 
"mean.default" "FUN" "apply" "abart" "stg1fit" "system.time" 
"mean.default" "FUN" "apply" "abart" "stg1fit" "system.time" 
"FUN" "apply" "abart" "stg1fit" "system.time" 
"FUN" "apply" "abart" "stg1fit" "system.time" 
"FUN" "apply" "abart" "stg1fit" "system.time" 
"FUN" "apply" "abart" "stg1fit" "system.time" 
"FUN" "apply" "abart" "stg1fit" "system.time" 
"FUN" "apply" "abart" "stg1fit" "system.time" 
"FUN" "apply" "abart" "stg1fit" "system.time" 
"FUN" "apply" "abart" "stg1fit" "system.time" 
"apply" "abart" "stg1fit" "system.time" 
"FUN" "apply" "abart" "stg1fit" "system.time" 
"mean.default" "FUN" "apply" "abart" "stg1fit" "system.time" 
"FUN" "apply" "abart" "stg1fit" "system.time" 
"FUN" "apply" "abart" "stg1fit" "system.time" 
"FUN" "apply" "abart" "stg1fit" "system.time" 
"apply" "abart" "stg1fit" "system.time" 
"apply" "abart" "stg1fit" "system.time" 
"mean.default" "FUN" "apply" "abart" "stg1fit" "system.time" 
"FUN" "apply" "abart" "stg1fit" "system.time" 
"FUN" "apply" "abart" "stg1fit" "system.time" 
"FUN" "apply" "abart" "stg1fit" "system.time" 
"FUN" "apply" "abart" "stg1fit" "system.time" 
"FUN" "apply" "abart" "stg1fit" "system.time" 
"apply" "abart" "stg1fit" "system.time" 
"mean.default" "FUN" "apply" "abart" "stg1fit" "system.time" 
"mean.default" "FUN" "apply" "abart" "stg1fit" "system.time" 
"mean.default" "FUN" "apply" "abart" "stg1fit" "system.time" 
"apply" "abart" "stg1fit" "system.time" 
"apply" "abart" "stg1fit" "system.time" 
"mean.default" "FUN" "apply" "abart" "stg1fit" "system.time" 
"mean.default" "FUN" "apply" "abart" "stg1fit" "system.time" 
"mean.default" "FUN" "apply" "abart" "stg1fit" "system.time" 
"apply" "abart" "stg1fit" "system.time" 
"apply" "abart" "stg1fit" "system.time" 
"FUN" "apply" "abart" "stg1fit" "system.time" 
"mean.default" "FUN" "apply" "abart" "stg1fit" "system.time" 
"mean.default" "FUN" "apply" "abart" "stg1fit" "system.time" 
"FUN" "apply" "abart" "stg1fit" "system.time" 
"apply" "abart" "stg1fit" "system.time" 
"apply" "abart" "stg1fit" "system.time" 
"mean.default" "FUN" "apply" "abart" "stg1fit" "system.time" 
"mean.default" "FUN" "apply" "abart" "stg1fit" "system.time" 
"FUN" "apply" "abart" "stg1fit" "system.time" 
"FUN" "apply" "abart" "stg1fit" "system.time" 
"apply" "abart" "stg1fit" "system.time" 
"apply" "abart" "stg1fit" "system.time" 
"length" "mean.default" "FUN" "apply" "abart" "stg1fit" "system.time" 
"FUN" "apply" "abart" "stg1fit" "system.time" 
"mean.default" "FUN" "apply" "abart" "stg1fit" "system.time" 
"FUN" "apply" "abart" "stg1fit" "system.time" 
"unlist" "apply" "abart" "stg1fit" "system.time" 
"max.col" "FUN" "lapply" "sapply" "stg1fit" "system.time" 
"as.matrix" "max.col" "FUN" "lapply" "sapply" "stg1fit" "system.time" 
"$" "as.matrix" "max.col" "FUN" "lapply" "sapply" "stg1fit" "system.time" 
"apply" "FUN" "lapply" "sapply" "stg1fit" "system.time" 
"is.recursive" "apply" "FUN" "lapply" "sapply" "stg1fit" "system.time" 
"apply" "FUN" "lapply" "sapply" "stg1fit" "system.time" 
"gc" "system.time" 
"gc" "system.time" 
"gc" "system.time" 
"gc" "system.time" 
"gc" "system.time" 
"gc" "system.time" 
"gc" "system.time" 
"gc" "system.time" 
"gc" "system.time" 
"gc" "system.time" 
"%in%" "getInlineInfo" "isBaseVar" "getFoldFun" "constantFoldCall" "constantFold" "constantFoldCall" "constantFold" "constantFoldCall" "constantFold" "cmp" "h" "tryInline" "cmpCall" "cmp" "cmpPrim1" "h" "tryInline" "cmpCall" "cmp" "cmpIndices" "cmpSubsetDispatch" "h" "tryInline" "cmpCall" "cmp" "cmpPrim2" "h" "tryInline" "cmpCall" "cmp" "genCode" "cb$putconst" "cmpCallArgs" "cmpCallSymFun" "cmpCall" "cmp" "cmpSymbolAssign" "h" "tryInline" "cmpCall" "cmp" "h" "tryInline" "cmpCall" "cmp" "genCode" "cmpfun" "doTryCatch" "tryCatchOne" "tryCatchList" "tryCatch" "compiler:::tryCmpfun" "stg1fit" "system.time" 
"exists" "findCenvVar" "getInlineInfo" "isBaseVar" "getFoldFun" "constantFoldCall" "constantFold" "constantFoldCall" "constantFold" "constantFoldCall" "constantFold" "cmp" "cmpIndices" "cmpSubsetDispatch" "h" "tryInline" "cmpCall" "cmp" "cmpSymbolAssign" "h" "tryInline" "cmpCall" "cmp" "h" "tryInline" "cmpCall" "cmp" "genCode" "cmpfun" "doTryCatch" "tryCatchOne" "tryCatchList" "tryCatch" "compiler:::tryCmpfun" "stg1fit" "system.time" 
"putconst" "cb$putcode" "cmpSym" "cmpBuiltinArgs" "h" "tryInline" "cmpCall" "cmp" "h" "tryInline" "cmpCall" "cmp" "h" "tryInline" "cmpCall" "cmp" "genCode" "cmpfun" "doTryCatch" "tryCatchOne" "tryCatchList" "tryCatch" "compiler:::tryCmpfun" "stg1fit" "system.time" 
"eigen" "mvrnorm" "ifelse" "stg1fit" "system.time" 
"eigen" "mvrnorm" "ifelse" "stg1fit" "system.time" 
"eigen" "mvrnorm" "ifelse" "stg1fit" "system.time" 
"eigen" "mvrnorm" "ifelse" "stg1fit" "system.time" 
"eigen" "mvrnorm" "ifelse" "stg1fit" "system.time" 
"eigen" "mvrnorm" "ifelse" "stg1fit" "system.time" 
"eigen" "mvrnorm" "ifelse" "stg1fit" "system.time" 
"%*%" "mvrnorm" "ifelse" "stg1fit" "system.time" 
"%*%" "mvrnorm" "ifelse" "stg1fit" "system.time" 
"%*%" "mvrnorm" "ifelse" "stg1fit" "system.time" 
"%*%" "mvrnorm" "ifelse" "stg1fit" "system.time" 
"%*%" "mvrnorm" "ifelse" "stg1fit" "system.time" 
"paste" "FUN" "vapply" "model.matrix.default" "model.matrix" "lm" "summary" "abart" "stg1fit" "system.time" 
".Call" "abart" "stg1fit" "system.time" 
".Call" "abart" "stg1fit" "system.time" 
".Call" "abart" "stg1fit" "system.time" 
".Call" "abart" "stg1fit" "system.time" 
".Call" "abart" "stg1fit" "system.time" 
".Call" "abart" "stg1fit" "system.time" 
".Call" "abart" "stg1fit" "system.time" 
".Call" "abart" "stg1fit" "system.time" 
".Call" "abart" "stg1fit" "system.time" 
".Call" "abart" "stg1fit" "system.time" 
".Call" "abart" "stg1fit" "system.time" 
".Call" "abart" "stg1fit" "system.time" 
".Call" "abart" "stg1fit" "system.time" 
".Call" "abart" "stg1fit" "system.time" 
".Call" "abart" "stg1fit" "system.time" 
".Call" "abart" "stg1fit" "system.time" 
".Call" "abart" "stg1fit" "system.time" 
".Call" "abart" "stg1fit" "system.time" 
".Call" "abart" "stg1fit" "system.time" 
".Call" "abart" "stg1fit" "system.time" 
".Call" "abart" "stg1fit" "system.time" 
".Call" "abart" "stg1fit" "system.time" 
".Call" "abart" "stg1fit" "system.time" 
".Call" "abart" "stg1fit" "system.time" 
".Call" "abart" "stg1fit" "system.time" 
".Call" "abart" "stg1fit" "system.time" 
".Call" "abart" "stg1fit" "system.time" 
".Call" "abart" "stg1fit" "system.time" 
".Call" "abart" "stg1fit" "system.time" 
".Call" "abart" "stg1fit" "system.time" 
".Call" "abart" "stg1fit" "system.time" 
".Call" "abart" "stg1fit" "system.time" 
".Call" "abart" "stg1fit" "system.time" 
".Call" "abart" "stg1fit" "system.time" 
".Call" "abart" "stg1fit" "system.time" 
".Call" "abart" "stg1fit" "system.time" 
".Call" "abart" "stg1fit" "system.time" 
".Call" "abart" "stg1fit" "system.time" 
".Call" "abart" "stg1fit" "system.time" 
".Call" "abart" "stg1fit" "system.time" 
".Call" "abart" "stg1fit" "system.time" 
".Call" "abart" "stg1fit" "system.time" 
".Call" "abart" "stg1fit" "system.time" 
".Call" "abart" "stg1fit" "system.time" 
".Call" "abart" "stg1fit" "system.time" 
".Call" "abart" "stg1fit" "system.time" 
".Call" "abart" "stg1fit" "system.time" 
".Call" "abart" "stg1fit" "system.time" 
".Call" "abart" "stg1fit" "system.time" 
".Call" "abart" "stg1fit" "system.time" 
".Call" "abart" "stg1fit" "system.time" 
".Call" "abart" "stg1fit" "system.time" 
".Call" "abart" "stg1fit" "system.time" 
".Call" "abart" "stg1fit" "system.time" 
".Call" "abart" "stg1fit" "system.time" 
".Call" "abart" "stg1fit" "system.time" 
".Call" "abart" "stg1fit" "system.time" 
".Call" "abart" "stg1fit" "system.time" 
".Call" "abart" "stg1fit" "system.time" 
".Call" "abart" "stg1fit" "system.time" 
".Call" "abart" "stg1fit" "system.time" 
".Call" "abart" "stg1fit" "system.time" 
".Call" "abart" "stg1fit" "system.time" 
".Call" "abart" "stg1fit" "system.time" 
".Call" "abart" "stg1fit" "system.time" 
".Call" "abart" "stg1fit" "system.time" 
".Call" "abart" "stg1fit" "system.time" 
".Call" "abart" "stg1fit" "system.time" 
".Call" "abart" "stg1fit" "system.time" 
".Call" "abart" "stg1fit" "system.time" 
".Call" "abart" "stg1fit" "system.time" 
".Call" "abart" "stg1fit" "system.time" 
".Call" "abart" "stg1fit" "system.time" 
".Call" "abart" "stg1fit" "system.time" 
".Call" "abart" "stg1fit" "system.time" 
".Call" "abart" "stg1fit" "system.time" 
".Call" "abart" "stg1fit" "system.time" 
".Call" "abart" "stg1fit" "system.time" 
".Call" "abart" "stg1fit" "system.time" 
".Call" "abart" "stg1fit" "system.time" 
".Call" "abart" "stg1fit" "system.time" 
".Call" "abart" "stg1fit" "system.time" 
".Call" "abart" "stg1fit" "system.time" 
".Call" "abart" "stg1fit" "system.time" 
".Call" "abart" "stg1fit" "system.time" 
".Call" "abart" "stg1fit" "system.time" 
".Call" "abart" "stg1fit" "system.time" 
".Call" "abart" "stg1fit" "system.time" 
".Call" "abart" "stg1fit" "system.time" 
".Call" "abart" "stg1fit" "system.time" 
".Call" "abart" "stg1fit" "system.time" 
".Call" "abart" "stg1fit" "system.time" 
".Call" "abart" "stg1fit" "system.time" 
".Call" "abart" "stg1fit" "system.time" 
".Call" "abart" "stg1fit" "system.time" 
".Call" "abart" "stg1fit" "system.time" 
".Call" "abart" "stg1fit" "system.time" 
".Call" "abart" "stg1fit" "system.time" 
".Call" "abart" "stg1fit" "system.time" 
".Call" "abart" "stg1fit" "system.time" 
".Call" "abart" "stg1fit" "system.time" 
".Call" "abart" "stg1fit" "system.time" 
".Call" "abart" "stg1fit" "system.time" 
".Call" "abart" "stg1fit" "system.time" 
".Call" "abart" "stg1fit" "system.time" 
".Call" "abart" "stg1fit" "system.time" 
".Call" "abart" "stg1fit" "system.time" 
".Call" "abart" "stg1fit" "system.time" 
".Call" "abart" "stg1fit" "system.time" 
".Call" "abart" "stg1fit" "system.time" 
".Call" "abart" "stg1fit" "system.time" 
".Call" "abart" "stg1fit" "system.time" 
".Call" "abart" "stg1fit" "system.time" 
".Call" "abart" "stg1fit" "system.time" 
".Call" "abart" "stg1fit" "system.time" 
".Call" "abart" "stg1fit" "system.time" 
".Call" "abart" "stg1fit" "system.time" 
".Call" "abart" "stg1fit" "system.time" 
".Call" "abart" "stg1fit" "system.time" 
".Call" "abart" "stg1fit" "system.time" 
".Call" "abart" "stg1fit" "system.time" 
".Call" "abart" "stg1fit" "system.time" 
".Call" "abart" "stg1fit" "system.time" 
".Call" "abart" "stg1fit" "system.time" 
".Call" "abart" "stg1fit" "system.time" 
".Call" "abart" "stg1fit" "system.time" 
".Call" "abart" "stg1fit" "system.time" 
".Call" "abart" "stg1fit" "system.time" 
".Call" "abart" "stg1fit" "system.time" 
".Call" "abart" "stg1fit" "system.time" 
".Call" "abart" "stg1fit" "system.time" 
".Call" "abart" "stg1fit" "system.time" 
".Call" "abart" "stg1fit" "system.time" 
".Call" "abart" "stg1fit" "system.time" 
".Call" "abart" "stg1fit" "system.time" 
".Call" "abart" "stg1fit" "system.time" 
".Call" "abart" "stg1fit" "system.time" 
".Call" "abart" "stg1fit" "system.time" 
".Call" "abart" "stg1fit" "system.time" 
".Call" "abart" "stg1fit" "system.time" 
".Call" "abart" "stg1fit" "system.time" 
".Call" "abart" "stg1fit" "system.time" 
".Call" "abart" "stg1fit" "system.time" 
".Call" "abart" "stg1fit" "system.time" 
".Call" "abart" "stg1fit" "system.time" 
".Call" "abart" "stg1fit" "system.time" 
".Call" "abart" "stg1fit" "system.time" 
".Call" "abart" "stg1fit" "system.time" 
".Call" "abart" "stg1fit" "system.time" 
".Call" "abart" "stg1fit" "system.time" 
".Call" "abart" "stg1fit" "system.time" 
".Call" "abart" "stg1fit" "system.time" 
"pnorm" "abart" "stg1fit" "system.time" 
"abart" "stg1fit" "system.time" 
"abart" "stg1fit" "system.time" 
"abart" "stg1fit" "system.time" 
"pnorm" "abart" "stg1fit" "system.time" 
"pnorm" "abart" "stg1fit" "system.time" 
"pnorm" "abart" "stg1fit" "system.time" 
"abart" "stg1fit" "system.time" 
"abart" "stg1fit" "system.time" 
"pnorm" "abart" "stg1fit" "system.time" 
"abart" "stg1fit" "system.time" 
"abart" "stg1fit" "system.time" 
"pnorm" "abart" "stg1fit" "system.time" 
"pnorm" "abart" "stg1fit" "system.time" 
"abart" "stg1fit" "system.time" 
"pnorm" "abart" "stg1fit" "system.time" 
"abart" "stg1fit" "system.time" 
"abart" "stg1fit" "system.time" 
"abart" "stg1fit" "system.time" 
"pnorm" "abart" "stg1fit" "system.time" 
"pnorm" "abart" "stg1fit" "system.time" 
"pnorm" "abart" "stg1fit" "system.time" 
"abart" "stg1fit" "system.time" 
"pnorm" "abart" "stg1fit" "system.time" 
"pnorm" "abart" "stg1fit" "system.time" 
"abart" "stg1fit" "system.time" 
"pnorm" "abart" "stg1fit" "system.time" 
"pnorm" "abart" "stg1fit" "system.time" 
"pnorm" "abart" "stg1fit" "system.time" 
"pnorm" "abart" "stg1fit" "system.time" 
"pnorm" "abart" "stg1fit" "system.time" 
"abart" "stg1fit" "system.time" 
"abart" "stg1fit" "system.time" 
"pnorm" "abart" "stg1fit" "system.time" 
"abart" "stg1fit" "system.time" 
"pnorm" "abart" "stg1fit" "system.time" 
"abart" "stg1fit" "system.time" 
"pnorm" "abart" "stg1fit" "system.time" 
"is.numeric" "mean.default" "FUN" "apply" "abart" "stg1fit" "system.time" 
"mean.default" "FUN" "apply" "abart" "stg1fit" "system.time" 
"apply" "abart" "stg1fit" "system.time" 
"apply" "abart" "stg1fit" "system.time" 
"mean.default" "FUN" "apply" "abart" "stg1fit" "system.time" 
"FUN" "apply" "abart" "stg1fit" "system.time" 
"FUN" "apply" "abart" "stg1fit" "system.time" 
"mean.default" "FUN" "apply" "abart" "stg1fit" "system.time" 
"mean.default" "FUN" "apply" "abart" "stg1fit" "system.time" 
"apply" "abart" "stg1fit" "system.time" 
"mean.default" "FUN" "apply" "abart" "stg1fit" "system.time" 
"apply" "abart" "stg1fit" "system.time" 
"FUN" "apply" "abart" "stg1fit" "system.time" 
"FUN" "apply" "abart" "stg1fit" "system.time" 
"apply" "abart" "stg1fit" "system.time" 
"apply" "abart" "stg1fit" "system.time" 
"apply" "abart" "stg1fit" "system.time" 
"apply" "abart" "stg1fit" "system.time" 
"FUN" "apply" "abart" "stg1fit" "system.time" 
"mean.default" "FUN" "apply" "abart" "stg1fit" "system.time" 
"FUN" "apply" "abart" "stg1fit" "system.time" 
"mean.default" "FUN" "apply" "abart" "stg1fit" "system.time" 
"length" "mean.default" "FUN" "apply" "abart" "stg1fit" "system.time" 
"length" "mean.default" "FUN" "apply" "abart" "stg1fit" "system.time" 
"apply" "abart" "stg1fit" "system.time" 
"FUN" "apply" "abart" "stg1fit" "system.time" 
"apply" "abart" "stg1fit" "system.time" 
"unlist" "apply" "abart" "stg1fit" "system.time" 
"pnorm" "abart" "stg1fit" "system.time" 
"pnorm" "abart" "stg1fit" "system.time" 
"abart" "stg1fit" "system.time" 
"abart" "stg1fit" "system.time" 
"pnorm" "abart" "stg1fit" "system.time" 
"pnorm" "abart" "stg1fit" "system.time" 
"pnorm" "abart" "stg1fit" "system.time" 
"abart" "stg1fit" "system.time" 
"pnorm" "abart" "stg1fit" "system.time" 
"pnorm" "abart" "stg1fit" "system.time" 
"abart" "stg1fit" "system.time" 
"pnorm" "abart" "stg1fit" "system.time" 
"abart" "stg1fit" "system.time" 
"pnorm" "abart" "stg1fit" "system.time" 
"pnorm" "abart" "stg1fit" "system.time" 
"pnorm" "abart" "stg1fit" "system.time" 
"pnorm" "abart" "stg1fit" "system.time" 
"abart" "stg1fit" "system.time" 
"abart" "stg1fit" "system.time" 
"abart" "stg1fit" "system.time" 
"abart" "stg1fit" "system.time" 
"pnorm" "abart" "stg1fit" "system.time" 
"abart" "stg1fit" "system.time" 
"pnorm" "abart" "stg1fit" "system.time" 
"pnorm" "abart" "stg1fit" "system.time" 
"pnorm" "abart" "stg1fit" "system.time" 
"abart" "stg1fit" "system.time" 
"pnorm" "abart" "stg1fit" "system.time" 
"pnorm" "abart" "stg1fit" "system.time" 
"abart" "stg1fit" "system.time" 
"pnorm" "abart" "stg1fit" "system.time" 
"pnorm" "abart" "stg1fit" "system.time" 
"abart" "stg1fit" "system.time" 
"abart" "stg1fit" "system.time" 
"abart" "stg1fit" "system.time" 
"pnorm" "abart" "stg1fit" "system.time" 
"pnorm" "abart" "stg1fit" "system.time" 
"pnorm" "abart" "stg1fit" "system.time" 
"pnorm" "abart" "stg1fit" "system.time" 
"pnorm" "abart" "stg1fit" "system.time" 
"abart" "stg1fit" "system.time" 
"pnorm" "abart" "stg1fit" "system.time" 
"pnorm" "abart" "stg1fit" "system.time" 
"pnorm" "abart" "stg1fit" "system.time" 
"pnorm" "abart" "stg1fit" "system.time" 
"pnorm" "abart" "stg1fit" "system.time" 
"pnorm" "abart" "stg1fit" "system.time" 
"pnorm" "abart" "stg1fit" "system.time" 
"pnorm" "abart" "stg1fit" "system.time" 
"abart" "stg1fit" "system.time" 
"pnorm" "abart" "stg1fit" "system.time" 
"abart" "stg1fit" "system.time" 
"abart" "stg1fit" "system.time" 
"pnorm" "abart" "stg1fit" "system.time" 
"abart" "stg1fit" "system.time" 
"pnorm" "abart" "stg1fit" "system.time" 
"abart" "stg1fit" "system.time" 
"pnorm" "abart" "stg1fit" "system.time" 
"abart" "stg1fit" "system.time" 
"abart" "stg1fit" "system.time" 
"pnorm" "abart" "stg1fit" "system.time" 
"pnorm" "abart" "stg1fit" "system.time" 
"abart" "stg1fit" "system.time" 
"abart" "stg1fit" "system.time" 
"abart" "stg1fit" "system.time" 
"pnorm" "abart" "stg1fit" "system.time" 
"pnorm" "abart" "stg1fit" "system.time" 
"pnorm" "abart" "stg1fit" "system.time" 
"pnorm" "abart" "stg1fit" "system.time" 
"pnorm" "abart" "stg1fit" "system.time" 
"pnorm" "abart" "stg1fit" "system.time" 
"abart" "stg1fit" "system.time" 
"pnorm" "abart" "stg1fit" "system.time" 
"pnorm" "abart" "stg1fit" "system.time" 
"abart" "stg1fit" "system.time" 
"pnorm" "abart" "stg1fit" "system.time" 
"pnorm" "abart" "stg1fit" "system.time" 
"pnorm" "abart" "stg1fit" "system.time" 
"pnorm" "abart" "stg1fit" "system.time" 
"abart" "stg1fit" "system.time" 
"pnorm" "abart" "stg1fit" "system.time" 
"pnorm" "abart" "stg1fit" "system.time" 
"abart" "stg1fit" "system.time" 
"pnorm" "abart" "stg1fit" "system.time" 
"pnorm" "abart" "stg1fit" "system.time" 
"pnorm" "abart" "stg1fit" "system.time" 
"pnorm" "abart" "stg1fit" "system.time" 
"pnorm" "abart" "stg1fit" "system.time" 
"abart" "stg1fit" "system.time" 
"pnorm" "abart" "stg1fit" "system.time" 
"pnorm" "abart" "stg1fit" "system.time" 
"pnorm" "abart" "stg1fit" "system.time" 
"pnorm" "abart" "stg1fit" "system.time" 
"abart" "stg1fit" "system.time" 
"abart" "stg1fit" "system.time" 
"pnorm" "abart" "stg1fit" "system.time" 
"abart" "stg1fit" "system.time" 
"abart" "stg1fit" "system.time" 
"abart" "stg1fit" "system.time" 
"pnorm" "abart" "stg1fit" "system.time" 
"abart" "stg1fit" "system.time" 
"pnorm" "abart" "stg1fit" "system.time" 
"pnorm" "abart" "stg1fit" "system.time" 
"pnorm" "abart" "stg1fit" "system.time" 
"pnorm" "abart" "stg1fit" "system.time" 
"pnorm" "abart" "stg1fit" "system.time" 
"abart" "stg1fit" "system.time" 
"pnorm" "abart" "stg1fit" "system.time" 
"abart" "stg1fit" "system.time" 
"pnorm" "abart" "stg1fit" "system.time" 
"pnorm" "abart" "stg1fit" "system.time" 
"pnorm" "abart" "stg1fit" "system.time" 
"abart" "stg1fit" "system.time" 
"abart" "stg1fit" "system.time" 
"abart" "stg1fit" "system.time" 
"abart" "stg1fit" "system.time" 
"pnorm" "abart" "stg1fit" "system.time" 
"abart" "stg1fit" "system.time" 
"apply" "abart" "stg1fit" "system.time" 
"mean.default" "FUN" "apply" "abart" "stg1fit" "system.time" 
"FUN" "apply" "abart" "stg1fit" "system.time" 
"length" "mean.default" "FUN" "apply" "abart" "stg1fit" "system.time" 
"apply" "abart" "stg1fit" "system.time" 
"apply" "abart" "stg1fit" "system.time" 
"FUN" "apply" "abart" "stg1fit" "system.time" 
"FUN" "apply" "abart" "stg1fit" "system.time" 
"apply" "abart" "stg1fit" "system.time" 
"FUN" "apply" "abart" "stg1fit" "system.time" 
"mean.default" "FUN" "apply" "abart" "stg1fit" "system.time" 
"apply" "abart" "stg1fit" "system.time" 
"FUN" "apply" "abart" "stg1fit" "system.time" 
"mean.default" "FUN" "apply" "abart" "stg1fit" "system.time" 
"FUN" "apply" "abart" "stg1fit" "system.time" 
"apply" "abart" "stg1fit" "system.time" 
"apply" "abart" "stg1fit" "system.time" 
"FUN" "apply" "abart" "stg1fit" "system.time" 
"apply" "abart" "stg1fit" "system.time" 
"mean.default" "FUN" "apply" "abart" "stg1fit" "system.time" 
"FUN" "apply" "abart" "stg1fit" "system.time" 
"apply" "abart" "stg1fit" "system.time" 
"FUN" "apply" "abart" "stg1fit" "system.time" 
"mean.default" "FUN" "apply" "abart" "stg1fit" "system.time" 
"FUN" "apply" "abart" "stg1fit" "system.time" 
"FUN" "apply" "abart" "stg1fit" "system.time" 
"mean.default" "FUN" "apply" "abart" "stg1fit" "system.time" 
"mean.default" "FUN" "apply" "abart" "stg1fit" "system.time" 
"apply" "abart" "stg1fit" "system.time" 
"apply" "abart" "stg1fit" "system.time" 
"mean.default" "FUN" "apply" "abart" "stg1fit" "system.time" 
"mean.default" "FUN" "apply" "abart" "stg1fit" "system.time" 
"is.numeric" "mean.default" "FUN" "apply" "abart" "stg1fit" "system.time" 
"apply" "abart" "stg1fit" "system.time" 
"apply" "abart" "stg1fit" "system.time" 
"mean.default" "FUN" "apply" "abart" "stg1fit" "system.time" 
"apply" "abart" "stg1fit" "system.time" 
"apply" "abart" "stg1fit" "system.time" 
"mean.default" "FUN" "apply" "abart" "stg1fit" "system.time" 
"apply" "abart" "stg1fit" "system.time" 
"FUN" "apply" "abart" "stg1fit" "system.time" 
"apply" "abart" "stg1fit" "system.time" 
"apply" "abart" "stg1fit" "system.time" 
"mean.default" "FUN" "apply" "abart" "stg1fit" "system.time" 
"FUN" "apply" "abart" "stg1fit" "system.time" 
"apply" "abart" "stg1fit" "system.time" 
"FUN" "apply" "abart" "stg1fit" "system.time" 
"apply" "abart" "stg1fit" "system.time" 
"apply" "abart" "stg1fit" "system.time" 
"apply" "abart" "stg1fit" "system.time" 
"FUN" "apply" "abart" "stg1fit" "system.time" 
"FUN" "apply" "abart" "stg1fit" "system.time" 
"FUN" "apply" "abart" "stg1fit" "system.time" 
"mean.default" "FUN" "apply" "abart" "stg1fit" "system.time" 
"apply" "abart" "stg1fit" "system.time" 
"mean.default" "FUN" "apply" "abart" "stg1fit" "system.time" 
"FUN" "apply" "abart" "stg1fit" "system.time" 
"length" "mean.default" "FUN" "apply" "abart" "stg1fit" "system.time" 
"is.numeric" "mean.default" "FUN" "apply" "abart" "stg1fit" "system.time" 
"apply" "abart" "stg1fit" "system.time" 
"FUN" "apply" "abart" "stg1fit" "system.time" 
"mean.default" "FUN" "apply" "abart" "stg1fit" "system.time" 
"FUN" "apply" "abart" "stg1fit" "system.time" 
"FUN" "apply" "abart" "stg1fit" "system.time" 
"mean.default" "FUN" "apply" "abart" "stg1fit" "system.time" 
"apply" "abart" "stg1fit" "system.time" 
"apply" "abart" "stg1fit" "system.time" 
"mean.default" "FUN" "apply" "abart" "stg1fit" "system.time" 
"apply" "abart" "stg1fit" "system.time" 
"mean.default" "FUN" "apply" "abart" "stg1fit" "system.time" 
"FUN" "apply" "abart" "stg1fit" "system.time" 
"FUN" "apply" "abart" "stg1fit" "system.time" 
"apply" "abart" "stg1fit" "system.time" 
"apply" "abart" "stg1fit" "system.time" 
"mean.default" "FUN" "apply" "abart" "stg1fit" "system.time" 
"FUN" "apply" "abart" "stg1fit" "system.time" 
"FUN" "apply" "abart" "stg1fit" "system.time" 
"FUN" "apply" "abart" "stg1fit" "system.time" 
"apply" "abart" "stg1fit" "system.time" 
"FUN" "apply" "abart" "stg1fit" "system.time" 
"FUN" "apply" "abart" "stg1fit" "system.time" 
"mean.default" "FUN" "apply" "abart" "stg1fit" "system.time" 
"lengths" "apply" "abart" "stg1fit" "system.time" 
"unlist" "apply" "abart" "stg1fit" "system.time" 
"which" "max.col" "FUN" "lapply" "sapply" "stg1fit" "system.time" 
"as.matrix" "max.col" "FUN" "lapply" "sapply" "stg1fit" "system.time" 
"grep" "prettyNum" "format.default" "format" "format.fun" "paste" "nchar.w" "maybe_truncate" "formObj" "cat" "str.default" "str" 
"lazyLoadDBfetch" "FUN" "vapply" ".S3methods" "methods" "doTryCatch" "tryCatchOne" "tryCatchList" "doTryCatch" "tryCatchOne" "tryCatchList" "tryCatch" "utils:::functionArgs" "gsub" "doTryCatch" "tryCatchOne" "tryCatchList" "tryCatch" ".ess_funargs" 
"ls" "%in%" "find" "getAnywhere" "<Anonymous>" "do.call" "FUN" "lapply" "unlist" "unique" "utils:::functionArgs" "gsub" "doTryCatch" "tryCatchOne" "tryCatchList" "tryCatch" ".ess_funargs" 
"ls" "%in%" "find" "getAnywhere" "<Anonymous>" "do.call" "FUN" "lapply" "unlist" "unique" "utils:::functionArgs" "gsub" "doTryCatch" "tryCatchOne" "tryCatchList" "tryCatch" ".ess_funargs" 
"ls" "%in%" "find" "getAnywhere" "<Anonymous>" "do.call" "FUN" "lapply" "unlist" "unique" "utils:::functionArgs" "gsub" "doTryCatch" "tryCatchOne" "tryCatchList" "tryCatch" ".ess_funargs" 
"gc" "system.time" 
"gc" "system.time" 
"gc" "system.time" 
"gc" "system.time" 
"gc" "system.time" 
"gc" "system.time" 
"gc" "system.time" 
"gc" "system.time" 
"gc" "system.time" 
"gc" "system.time" 
"gc" "system.time" 
"findCenvVar" "getInlineInfo" "tryInline" "cmpCall" "cmp" "genCode" "cb$putconst" "cmpCallArgs" "cmpCallSymFun" "cmpCall" "cmp" "genCode" "cb$putconst" "cmpCallArgs" "cmpCallSymFun" "cmpCall" "cmp" "genCode" "cb$putconst" "cmpCallArgs" "cmpCallSymFun" "cmpCall" "cmp" "cmpSymbolAssign" "h" "tryInline" "cmpCall" "cmp" "h" "tryInline" "cmpCall" "cmp" "genCode" "cmpfun" "doTryCatch" "tryCatchOne" "tryCatchList" "tryCatch" "compiler:::tryCmpfun" "stg1fit" "system.time" 
"cmp" "h" "tryInline" "cmpCall" "cmp" "cmpPrim2" "h" "tryInline" "cmpCall" "cmp" "cmpBuiltinArgs" "cmpDispatch" "h" "tryInline" "cmpCall" "cmp" "genCode" "cb$putconst" "cmpCallArgs" "cmpCallSymFun" "cmpCall" "cmp" "h" "tryInline" "cmpCall" "cmp" "genCode" "h" "tryInline" "cmpCall" "cmp" "genCode" "cb$putconst" "cmpCallArgs" "cmpCallSymFun" "cmpCall" "cmp" "cmpSymbolAssign" "h" "tryInline" "cmpCall" "cmp" "h" "tryInline" "cmpCall" "cmp" "genCode" "cmpfun" "doTryCatch" "tryCatchOne" "tryCatchList" "tryCatch" "compiler:::tryCmpfun" "stg1fit" "system.time" 
"eigen" "mvrnorm" "ifelse" "stg1fit" "system.time" 
"eigen" "mvrnorm" "ifelse" "stg1fit" "system.time" 
"eigen" "mvrnorm" "ifelse" "stg1fit" "system.time" 
"eigen" "mvrnorm" "ifelse" "stg1fit" "system.time" 
"eigen" "mvrnorm" "ifelse" "stg1fit" "system.time" 
"eigen" "mvrnorm" "ifelse" "stg1fit" "system.time" 
"eigen" "mvrnorm" "ifelse" "stg1fit" "system.time" 
"eigen" "mvrnorm" "ifelse" "stg1fit" "system.time" 
"%*%" "mvrnorm" "ifelse" "stg1fit" "system.time" 
"%*%" "mvrnorm" "ifelse" "stg1fit" "system.time" 
"%*%" "mvrnorm" "ifelse" "stg1fit" "system.time" 
"%*%" "mvrnorm" "ifelse" "stg1fit" "system.time" 
"%*%" "mvrnorm" "ifelse" "stg1fit" "system.time" 
".Call" "abart" "stg1fit" "system.time" 
".Call" "abart" "stg1fit" "system.time" 
".Call" "abart" "stg1fit" "system.time" 
".Call" "abart" "stg1fit" "system.time" 
".Call" "abart" "stg1fit" "system.time" 
".Call" "abart" "stg1fit" "system.time" 
".Call" "abart" "stg1fit" "system.time" 
".Call" "abart" "stg1fit" "system.time" 
".Call" "abart" "stg1fit" "system.time" 
".Call" "abart" "stg1fit" "system.time" 
".Call" "abart" "stg1fit" "system.time" 
".Call" "abart" "stg1fit" "system.time" 
".Call" "abart" "stg1fit" "system.time" 
".Call" "abart" "stg1fit" "system.time" 
".Call" "abart" "stg1fit" "system.time" 
".Call" "abart" "stg1fit" "system.time" 
".Call" "abart" "stg1fit" "system.time" 
".Call" "abart" "stg1fit" "system.time" 
".Call" "abart" "stg1fit" "system.time" 
".Call" "abart" "stg1fit" "system.time" 
".Call" "abart" "stg1fit" "system.time" 
".Call" "abart" "stg1fit" "system.time" 
".Call" "abart" "stg1fit" "system.time" 
".Call" "abart" "stg1fit" "system.time" 
".Call" "abart" "stg1fit" "system.time" 
".Call" "abart" "stg1fit" "system.time" 
".Call" "abart" "stg1fit" "system.time" 
".Call" "abart" "stg1fit" "system.time" 
".Call" "abart" "stg1fit" "system.time" 
".Call" "abart" "stg1fit" "system.time" 
".Call" "abart" "stg1fit" "system.time" 
".Call" "abart" "stg1fit" "system.time" 
".Call" "abart" "stg1fit" "system.time" 
".Call" "abart" "stg1fit" "system.time" 
".Call" "abart" "stg1fit" "system.time" 
".Call" "abart" "stg1fit" "system.time" 
".Call" "abart" "stg1fit" "system.time" 
".Call" "abart" "stg1fit" "system.time" 
".Call" "abart" "stg1fit" "system.time" 
".Call" "abart" "stg1fit" "system.time" 
".Call" "abart" "stg1fit" "system.time" 
".Call" "abart" "stg1fit" "system.time" 
".Call" "abart" "stg1fit" "system.time" 
".Call" "abart" "stg1fit" "system.time" 
".Call" "abart" "stg1fit" "system.time" 
".Call" "abart" "stg1fit" "system.time" 
".Call" "abart" "stg1fit" "system.time" 
".Call" "abart" "stg1fit" "system.time" 
".Call" "abart" "stg1fit" "system.time" 
".Call" "abart" "stg1fit" "system.time" 
".Call" "abart" "stg1fit" "system.time" 
".Call" "abart" "stg1fit" "system.time" 
".Call" "abart" "stg1fit" "system.time" 
".Call" "abart" "stg1fit" "system.time" 
".Call" "abart" "stg1fit" "system.time" 
".Call" "abart" "stg1fit" "system.time" 
".Call" "abart" "stg1fit" "system.time" 
".Call" "abart" "stg1fit" "system.time" 
".Call" "abart" "stg1fit" "system.time" 
".Call" "abart" "stg1fit" "system.time" 
".Call" "abart" "stg1fit" "system.time" 
".Call" "abart" "stg1fit" "system.time" 
".Call" "abart" "stg1fit" "system.time" 
".Call" "abart" "stg1fit" "system.time" 
".Call" "abart" "stg1fit" "system.time" 
".Call" "abart" "stg1fit" "system.time" 
".Call" "abart" "stg1fit" "system.time" 
".Call" "abart" "stg1fit" "system.time" 
".Call" "abart" "stg1fit" "system.time" 
".Call" "abart" "stg1fit" "system.time" 
".Call" "abart" "stg1fit" "system.time" 
".Call" "abart" "stg1fit" "system.time" 
".Call" "abart" "stg1fit" "system.time" 
".Call" "abart" "stg1fit" "system.time" 
".Call" "abart" "stg1fit" "system.time" 
".Call" "abart" "stg1fit" "system.time" 
".Call" "abart" "stg1fit" "system.time" 
".Call" "abart" "stg1fit" "system.time" 
".Call" "abart" "stg1fit" "system.time" 
".Call" "abart" "stg1fit" "system.time" 
".Call" "abart" "stg1fit" "system.time" 
".Call" "abart" "stg1fit" "system.time" 
".Call" "abart" "stg1fit" "system.time" 
".Call" "abart" "stg1fit" "system.time" 
".Call" "abart" "stg1fit" "system.time" 
".Call" "abart" "stg1fit" "system.time" 
".Call" "abart" "stg1fit" "system.time" 
".Call" "abart" "stg1fit" "system.time" 
".Call" "abart" "stg1fit" "system.time" 
".Call" "abart" "stg1fit" "system.time" 
".Call" "abart" "stg1fit" "system.time" 
".Call" "abart" "stg1fit" "system.time" 
".Call" "abart" "stg1fit" "system.time" 
".Call" "abart" "stg1fit" "system.time" 
".Call" "abart" "stg1fit" "system.time" 
".Call" "abart" "stg1fit" "system.time" 
".Call" "abart" "stg1fit" "system.time" 
".Call" "abart" "stg1fit" "system.time" 
".Call" "abart" "stg1fit" "system.time" 
".Call" "abart" "stg1fit" "system.time" 
".Call" "abart" "stg1fit" "system.time" 
".Call" "abart" "stg1fit" "system.time" 
".Call" "abart" "stg1fit" "system.time" 
".Call" "abart" "stg1fit" "system.time" 
".Call" "abart" "stg1fit" "system.time" 
".Call" "abart" "stg1fit" "system.time" 
".Call" "abart" "stg1fit" "system.time" 
".Call" "abart" "stg1fit" "system.time" 
".Call" "abart" "stg1fit" "system.time" 
".Call" "abart" "stg1fit" "system.time" 
".Call" "abart" "stg1fit" "system.time" 
".Call" "abart" "stg1fit" "system.time" 
".Call" "abart" "stg1fit" "system.time" 
".Call" "abart" "stg1fit" "system.time" 
".Call" "abart" "stg1fit" "system.time" 
".Call" "abart" "stg1fit" "system.time" 
".Call" "abart" "stg1fit" "system.time" 
".Call" "abart" "stg1fit" "system.time" 
".Call" "abart" "stg1fit" "system.time" 
".Call" "abart" "stg1fit" "system.time" 
".Call" "abart" "stg1fit" "system.time" 
".Call" "abart" "stg1fit" "system.time" 
".Call" "abart" "stg1fit" "system.time" 
".Call" "abart" "stg1fit" "system.time" 
".Call" "abart" "stg1fit" "system.time" 
".Call" "abart" "stg1fit" "system.time" 
".Call" "abart" "stg1fit" "system.time" 
".Call" "abart" "stg1fit" "system.time" 
".Call" "abart" "stg1fit" "system.time" 
".Call" "abart" "stg1fit" "system.time" 
".Call" "abart" "stg1fit" "system.time" 
".Call" "abart" "stg1fit" "system.time" 
".Call" "abart" "stg1fit" "system.time" 
".Call" "abart" "stg1fit" "system.time" 
".Call" "abart" "stg1fit" "system.time" 
".Call" "abart" "stg1fit" "system.time" 
".Call" "abart" "stg1fit" "system.time" 
".Call" "abart" "stg1fit" "system.time" 
".Call" "abart" "stg1fit" "system.time" 
".Call" "abart" "stg1fit" "system.time" 
".Call" "abart" "stg1fit" "system.time" 
".Call" "abart" "stg1fit" "system.time" 
".Call" "abart" "stg1fit" "system.time" 
".Call" "abart" "stg1fit" "system.time" 
".Call" "abart" "stg1fit" "system.time" 
".Call" "abart" "stg1fit" "system.time" 
".Call" "abart" "stg1fit" "system.time" 
".Call" "abart" "stg1fit" "system.time" 
".Call" "abart" "stg1fit" "system.time" 
".Call" "abart" "stg1fit" "system.time" 
".Call" "abart" "stg1fit" "system.time" 
".Call" "abart" "stg1fit" "system.time" 
"abart" "stg1fit" "system.time" 
"pnorm" "abart" "stg1fit" "system.time" 
"pnorm" "abart" "stg1fit" "system.time" 
"pnorm" "abart" "stg1fit" "system.time" 
"pnorm" "abart" "stg1fit" "system.time" 
"abart" "stg1fit" "system.time" 
"abart" "stg1fit" "system.time" 
"pnorm" "abart" "stg1fit" "system.time" 
"abart" "stg1fit" "system.time" 
"abart" "stg1fit" "system.time" 
"pnorm" "abart" "stg1fit" "system.time" 
"pnorm" "abart" "stg1fit" "system.time" 
"pnorm" "abart" "stg1fit" "system.time" 
"pnorm" "abart" "stg1fit" "system.time" 
"pnorm" "abart" "stg1fit" "system.time" 
"abart" "stg1fit" "system.time" 
"abart" "stg1fit" "system.time" 
"pnorm" "abart" "stg1fit" "system.time" 
"abart" "stg1fit" "system.time" 
"pnorm" "abart" "stg1fit" "system.time" 
"pnorm" "abart" "stg1fit" "system.time" 
"pnorm" "abart" "stg1fit" "system.time" 
"abart" "stg1fit" "system.time" 
"pnorm" "abart" "stg1fit" "system.time" 
"pnorm" "abart" "stg1fit" "system.time" 
"pnorm" "abart" "stg1fit" "system.time" 
"pnorm" "abart" "stg1fit" "system.time" 
"pnorm" "abart" "stg1fit" "system.time" 
"pnorm" "abart" "stg1fit" "system.time" 
"pnorm" "abart" "stg1fit" "system.time" 
"abart" "stg1fit" "system.time" 
"pnorm" "abart" "stg1fit" "system.time" 
"abart" "stg1fit" "system.time" 
"pnorm" "abart" "stg1fit" "system.time" 
"pnorm" "abart" "stg1fit" "system.time" 
"abart" "stg1fit" "system.time" 
"pnorm" "abart" "stg1fit" "system.time" 
"pnorm" "abart" "stg1fit" "system.time" 
"FUN" "apply" "abart" "stg1fit" "system.time" 
"FUN" "apply" "abart" "stg1fit" "system.time" 
"FUN" "apply" "abart" "stg1fit" "system.time" 
"FUN" "apply" "abart" "stg1fit" "system.time" 
"apply" "abart" "stg1fit" "system.time" 
"apply" "abart" "stg1fit" "system.time" 
"FUN" "apply" "abart" "stg1fit" "system.time" 
"apply" "abart" "stg1fit" "system.time" 
"mean.default" "FUN" "apply" "abart" "stg1fit" "system.time" 
"mean.default" "FUN" "apply" "abart" "stg1fit" "system.time" 
"apply" "abart" "stg1fit" "system.time" 
"apply" "abart" "stg1fit" "system.time" 
"apply" "abart" "stg1fit" "system.time" 
"FUN" "apply" "abart" "stg1fit" "system.time" 
"apply" "abart" "stg1fit" "system.time" 
"FUN" "apply" "abart" "stg1fit" "system.time" 
"mean.default" "FUN" "apply" "abart" "stg1fit" "system.time" 
"mean.default" "FUN" "apply" "abart" "stg1fit" "system.time" 
"apply" "abart" "stg1fit" "system.time" 
"FUN" "apply" "abart" "stg1fit" "system.time" 
"apply" "abart" "stg1fit" "system.time" 
"mean.default" "FUN" "apply" "abart" "stg1fit" "system.time" 
"mean.default" "FUN" "apply" "abart" "stg1fit" "system.time" 
"apply" "abart" "stg1fit" "system.time" 
"FUN" "apply" "abart" "stg1fit" "system.time" 
"apply" "abart" "stg1fit" "system.time" 
"unlist" "apply" "abart" "stg1fit" "system.time" 
"pnorm" "abart" "stg1fit" "system.time" 
"abart" "stg1fit" "system.time" 
"pnorm" "abart" "stg1fit" "system.time" 
"pnorm" "abart" "stg1fit" "system.time" 
"pnorm" "abart" "stg1fit" "system.time" 
"pnorm" "abart" "stg1fit" "system.time" 
"pnorm" "abart" "stg1fit" "system.time" 
"abart" "stg1fit" "system.time" 
"abart" "stg1fit" "system.time" 
"abart" "stg1fit" "system.time" 
"pnorm" "abart" "stg1fit" "system.time" 
"pnorm" "abart" "stg1fit" "system.time" 
"abart" "stg1fit" "system.time" 
"pnorm" "abart" "stg1fit" "system.time" 
"abart" "stg1fit" "system.time" 
"pnorm" "abart" "stg1fit" "system.time" 
"abart" "stg1fit" "system.time" 
"pnorm" "abart" "stg1fit" "system.time" 
"abart" "stg1fit" "system.time" 
"pnorm" "abart" "stg1fit" "system.time" 
"pnorm" "abart" "stg1fit" "system.time" 
"pnorm" "abart" "stg1fit" "system.time" 
"pnorm" "abart" "stg1fit" "system.time" 
"abart" "stg1fit" "system.time" 
"pnorm" "abart" "stg1fit" "system.time" 
"abart" "stg1fit" "system.time" 
"pnorm" "abart" "stg1fit" "system.time" 
"pnorm" "abart" "stg1fit" "system.time" 
"pnorm" "abart" "stg1fit" "system.time" 
"pnorm" "abart" "stg1fit" "system.time" 
"pnorm" "abart" "stg1fit" "system.time" 
"abart" "stg1fit" "system.time" 
"pnorm" "abart" "stg1fit" "system.time" 
"abart" "stg1fit" "system.time" 
"abart" "stg1fit" "system.time" 
"abart" "stg1fit" "system.time" 
"abart" "stg1fit" "system.time" 
"pnorm" "abart" "stg1fit" "system.time" 
"pnorm" "abart" "stg1fit" "system.time" 
"pnorm" "abart" "stg1fit" "system.time" 
"pnorm" "abart" "stg1fit" "system.time" 
"pnorm" "abart" "stg1fit" "system.time" 
"pnorm" "abart" "stg1fit" "system.time" 
"pnorm" "abart" "stg1fit" "system.time" 
"pnorm" "abart" "stg1fit" "system.time" 
"pnorm" "abart" "stg1fit" "system.time" 
"pnorm" "abart" "stg1fit" "system.time" 
"pnorm" "abart" "stg1fit" "system.time" 
"pnorm" "abart" "stg1fit" "system.time" 
"pnorm" "abart" "stg1fit" "system.time" 
"pnorm" "abart" "stg1fit" "system.time" 
"abart" "stg1fit" "system.time" 
"abart" "stg1fit" "system.time" 
"pnorm" "abart" "stg1fit" "system.time" 
"abart" "stg1fit" "system.time" 
"abart" "stg1fit" "system.time" 
"pnorm" "abart" "stg1fit" "system.time" 
"pnorm" "abart" "stg1fit" "system.time" 
"pnorm" "abart" "stg1fit" "system.time" 
"abart" "stg1fit" "system.time" 
"pnorm" "abart" "stg1fit" "system.time" 
"abart" "stg1fit" "system.time" 
"abart" "stg1fit" "system.time" 
"pnorm" "abart" "stg1fit" "system.time" 
"pnorm" "abart" "stg1fit" "system.time" 
"pnorm" "abart" "stg1fit" "system.time" 
"pnorm" "abart" "stg1fit" "system.time" 
"pnorm" "abart" "stg1fit" "system.time" 
"pnorm" "abart" "stg1fit" "system.time" 
"pnorm" "abart" "stg1fit" "system.time" 
"pnorm" "abart" "stg1fit" "system.time" 
"pnorm" "abart" "stg1fit" "system.time" 
"abart" "stg1fit" "system.time" 
"pnorm" "abart" "stg1fit" "system.time" 
"pnorm" "abart" "stg1fit" "system.time" 
"pnorm" "abart" "stg1fit" "system.time" 
"abart" "stg1fit" "system.time" 
"abart" "stg1fit" "system.time" 
"pnorm" "abart" "stg1fit" "system.time" 
"pnorm" "abart" "stg1fit" "system.time" 
"pnorm" "abart" "stg1fit" "system.time" 
"pnorm" "abart" "stg1fit" "system.time" 
"abart" "stg1fit" "system.time" 
"abart" "stg1fit" "system.time" 
"pnorm" "abart" "stg1fit" "system.time" 
"pnorm" "abart" "stg1fit" "system.time" 
"pnorm" "abart" "stg1fit" "system.time" 
"pnorm" "abart" "stg1fit" "system.time" 
"pnorm" "abart" "stg1fit" "system.time" 
"pnorm" "abart" "stg1fit" "system.time" 
"pnorm" "abart" "stg1fit" "system.time" 
"pnorm" "abart" "stg1fit" "system.time" 
"pnorm" "abart" "stg1fit" "system.time" 
"pnorm" "abart" "stg1fit" "system.time" 
"pnorm" "abart" "stg1fit" "system.time" 
"pnorm" "abart" "stg1fit" "system.time" 
"pnorm" "abart" "stg1fit" "system.time" 
"abart" "stg1fit" "system.time" 
"abart" "stg1fit" "system.time" 
"pnorm" "abart" "stg1fit" "system.time" 
"abart" "stg1fit" "system.time" 
"pnorm" "abart" "stg1fit" "system.time" 
"pnorm" "abart" "stg1fit" "system.time" 
"abart" "stg1fit" "system.time" 
"pnorm" "abart" "stg1fit" "system.time" 
"abart" "stg1fit" "system.time" 
"pnorm" "abart" "stg1fit" "system.time" 
"pnorm" "abart" "stg1fit" "system.time" 
"pnorm" "abart" "stg1fit" "system.time" 
"abart" "stg1fit" "system.time" 
"pnorm" "abart" "stg1fit" "system.time" 
"abart" "stg1fit" "system.time" 
"pnorm" "abart" "stg1fit" "system.time" 
"pnorm" "abart" "stg1fit" "system.time" 
"pnorm" "abart" "stg1fit" "system.time" 
"pnorm" "abart" "stg1fit" "system.time" 
"pnorm" "abart" "stg1fit" "sys